# JRE version: OpenJDK Runtime Environment (17.0.6) (build 17.0.6+0-b2043.56-10027231)
# Java VM: OpenJDK 64-Bit Server VM (17.0.6+0-b2043.56-10027231, mixed mode, tiered, compressed oops, compressed class ptrs, g1 gc, windows-amd64)
GC Precious Log:
 CPUs: 8 total, 8 available
 Memory: 16194M
 Large Page Support: Disabled
 NUMA Support: Disabled
 Compressed Oops: Enabled (32-bit)
 Heap Region Size: 1M
 Heap Min Capacity: 8M
 Heap Initial Capacity: 254M
 Heap Max Capacity: 2G
 Pre-touch: Disabled
 Parallel Workers: 8
 Concurrent Workers: 2
 Concurrent Refinement Workers: 8
 Periodic GC: Disabled
Heap:
 garbage-first heap   total 217088K, used 100632K [0x0000000080000000, 0x0000000100000000)
  region size 1024K, 1 young (1024K), 1 survivors (1024K)
 Metaspace       used 94268K, committed 94912K, reserved 1130496K
  class space    used 12880K, committed 13184K, reserved 1048576K
GC Heap History (20 events):
Event: 11.778 GC heap after
{Heap after GC invocations=25 (full 0):
 garbage-first heap   total 108544K, used 56882K [0x0000000080000000, 0x0000000100000000)
  region size 1024K, 4 young (4096K), 4 survivors (4096K)
 Metaspace       used 74090K, committed 74624K, reserved 1114112K
  class space    used 9860K, committed 10112K, reserved 1048576K
}
Event: 12.415 GC heap before
{Heap before GC invocations=26 (full 0):
 garbage-first heap   total 108544K, used 87602K [0x0000000080000000, 0x0000000100000000)
  region size 1024K, 33 young (33792K), 4 survivors (4096K)
 Metaspace       used 77878K, committed 78464K, reserved 1122304K
  class space    used 10572K, committed 10816K, reserved 1048576K
}
Event: 12.420 GC heap after
{Heap after GC invocations=27 (full 0):
 garbage-first heap   total 131072K, used 58047K [0x0000000080000000, 0x0000000100000000)
  region size 1024K, 2 young (2048K), 2 survivors (2048K)
 Metaspace       used 77878K, committed 78464K, reserved 1122304K
  class space    used 10572K, committed 10816K, reserved 1048576K
}
Event: 13.617 GC heap before
{Heap before GC invocations=27 (full 0):
 garbage-first heap   total 131072K, used 106175K [0x0000000080000000, 0x0000000100000000)
  region size 1024K, 49 young (50176K), 2 survivors (2048K)
 Metaspace       used 82679K, committed 83328K, reserved 1122304K
  class space    used 11278K, committed 11584K, reserved 1048576K
}
Event: 13.624 GC heap after
{Heap after GC invocations=28 (full 0):
 garbage-first heap   total 131072K, used 61335K [0x0000000080000000, 0x0000000100000000)
  region size 1024K, 6 young (6144K), 6 survivors (6144K)
 Metaspace       used 82679K, committed 83328K, reserved 1122304K
  class space    used 11278K, committed 11584K, reserved 1048576K
}
Event: 14.977 GC heap before
{Heap before GC invocations=28 (full 0):
 garbage-first heap   total 131072K, used 106391K [0x0000000080000000, 0x0000000100000000)
  region size 1024K, 50 young (51200K), 6 survivors (6144K)
 Metaspace       used 87609K, committed 88256K, reserved 1130496K
  class space    used 11975K, committed 12288K, reserved 1048576K
}
Event: 14.987 GC heap after
{Heap after GC invocations=29 (full 0):
 garbage-first heap   total 131072K, used 65093K [0x0000000080000000, 0x0000000100000000)
  region size 1024K, 7 young (7168K), 7 survivors (7168K)
 Metaspace       used 87609K, committed 88256K, reserved 1130496K
  class space    used 11975K, committed 12288K, reserved 1048576K
}
Event: 15.788 GC heap before
{Heap before GC invocations=29 (full 0):
 garbage-first heap   total 131072K, used 107077K [0x0000000080000000, 0x0000000100000000)
  region size 1024K, 48 young (49152K), 7 survivors (7168K)
 Metaspace       used 88116K, committed 88832K, reserved 1130496K
  class space    used 12030K, committed 12352K, reserved 1048576K
}
Event: 15.806 GC heap after
{Heap after GC invocations=30 (full 0):
 garbage-first heap   total 131072K, used 72129K [0x0000000080000000, 0x0000000100000000)
  region size 1024K, 6 young (6144K), 6 survivors (6144K)
 Metaspace       used 88116K, committed 88832K, reserved 1130496K
  class space    used 12030K, committed 12352K, reserved 1048576K
}
Event: 16.546 GC heap before
{Heap before GC invocations=30 (full 0):
 garbage-first heap   total 131072K, used 105921K [0x0000000080000000, 0x0000000100000000)
  region size 1024K, 39 young (39936K), 6 survivors (6144K)
 Metaspace       used 89955K, committed 90688K, reserved 1130496K
  class space    used 12400K, committed 12736K, reserved 1048576K
}
Event: 16.560 GC heap after
{Heap after GC invocations=31 (full 0):
 garbage-first heap   total 131072K, used 76512K [0x0000000080000000, 0x0000000100000000)
  region size 1024K, 5 young (5120K), 5 survivors (5120K)
 Metaspace       used 89955K, committed 90688K, reserved 1130496K
  class space    used 12400K, committed 12736K, reserved 1048576K
}
Event: 16.957 GC heap before
{Heap before GC invocations=32 (full 0):
 garbage-first heap   total 142336K, used 104160K [0x0000000080000000, 0x0000000100000000)
  region size 1024K, 33 young (33792K), 5 survivors (5120K)
 Metaspace       used 90134K, committed 90816K, reserved 1130496K
  class space    used 12406K, committed 12736K, reserved 1048576K
}
Event: 16.967 GC heap after
{Heap after GC invocations=33 (full 0):
 garbage-first heap   total 142336K, used 79396K [0x0000000080000000, 0x0000000100000000)
  region size 1024K, 4 young (4096K), 4 survivors (4096K)
 Metaspace       used 90134K, committed 90816K, reserved 1130496K
  class space    used 12406K, committed 12736K, reserved 1048576K
}
Event: 16.985 GC heap before
{Heap before GC invocations=33 (full 0):
 garbage-first heap   total 142336K, used 80420K [0x0000000080000000, 0x0000000100000000)
  region size 1024K, 6 young (6144K), 4 survivors (4096K)
 Metaspace       used 90147K, committed 90816K, reserved 1130496K
  class space    used 12406K, committed 12736K, reserved 1048576K
}
Event: 16.991 GC heap after
{Heap after GC invocations=34 (full 0):
 garbage-first heap   total 142336K, used 79280K [0x0000000080000000, 0x0000000100000000)
  region size 1024K, 1 young (1024K), 1 survivors (1024K)
 Metaspace       used 90147K, committed 90816K, reserved 1130496K
  class space    used 12406K, committed 12736K, reserved 1048576K
}
Event: 17.857 GC heap before
{Heap before GC invocations=34 (full 0):
 garbage-first heap   total 142336K, used 118192K [0x0000000080000000, 0x0000000100000000)
  region size 1024K, 37 young (37888K), 1 survivors (1024K)
 Metaspace       used 93704K, committed 94336K, reserved 1130496K
  class space    used 12824K, committed 13120K, reserved 1048576K
}
Event: 17.868 GC heap after
{Heap after GC invocations=35 (full 0):
 garbage-first heap   total 142336K, used 91626K [0x0000000080000000, 0x0000000100000000)
  region size 1024K, 5 young (5120K), 5 survivors (5120K)
 Metaspace       used 93704K, committed 94336K, reserved 1130496K
  class space    used 12824K, committed 13120K, reserved 1048576K
}
Event: 18.197 GC heap before
{Heap before GC invocations=36 (full 0):
 garbage-first heap   total 168960K, used 109034K [0x0000000080000000, 0x0000000100000000)
  region size 1024K, 23 young (23552K), 5 survivors (5120K)
 Metaspace       used 94225K, committed 94848K, reserved 1130496K
  class space    used 12880K, committed 13184K, reserved 1048576K
}
Event: 18.205 GC heap after
{Heap after GC invocations=37 (full 0):
 garbage-first heap   total 168960K, used 96236K [0x0000000080000000, 0x0000000100000000)
  region size 1024K, 3 young (3072K), 3 survivors (3072K)
 Metaspace       used 94225K, committed 94848K, reserved 1130496K
  class space    used 12880K, committed 13184K, reserved 1048576K
}
Event: 18.314 GC heap before
{Heap before GC invocations=37 (full 0):
 garbage-first heap   total 168960K, used 101356K [0x0000000080000000, 0x0000000100000000)
  region size 1024K, 8 young (8192K), 3 survivors (3072K)
 Metaspace       used 94268K, committed 94912K, reserved 1130496K
  class space    used 12880K, committed 13184K, reserved 1048576K
}

