# JRE version: OpenJDK Runtime Environment (17.0.6) (build 17.0.6+0-b2043.56-10027231)
# Java VM: OpenJDK 64-Bit Server VM (17.0.6+0-b2043.56-10027231, mixed mode, tiered, compressed oops, compressed class ptrs, g1 gc, windows-amd64)
GC Precious Log:
 CPUs: 8 total, 8 available
 Memory: 16194M
 Large Page Support: Disabled
 NUMA Support: Disabled
 Compressed Oops: Enabled (32-bit)
 Heap Region Size: 1M
 Heap Min Capacity: 8M
 Heap Initial Capacity: 254M
 Heap Max Capacity: 2G
 Pre-touch: Disabled
 Parallel Workers: 8
 Concurrent Workers: 2
 Concurrent Refinement Workers: 8
 Periodic GC: Disabled
Heap:
 garbage-first heap   total 265216K, used 202752K [0x0000000080000000, 0x0000000100000000)
  region size 1024K, 3 young (3072K), 3 survivors (3072K)
 Metaspace       used 99907K, committed 100608K, reserved 1138688K
  class space    used 13799K, committed 14144K, reserved 1048576K
GC Heap History (20 events):
Event: 18.743 GC heap after
{Heap after GC invocations=27 (full 0):
 garbage-first heap   total 143360K, used 62751K [0x0000000080000000, 0x0000000100000000)
  region size 1024K, 7 young (7168K), 7 survivors (7168K)
 Metaspace       used 84598K, committed 85120K, reserved 1122304K
  class space    used 11589K, committed 11840K, reserved 1048576K
}
Event: 19.659 GC heap before
{Heap before GC invocations=27 (full 0):
 garbage-first heap   total 143360K, used 112927K [0x0000000080000000, 0x0000000100000000)
  region size 1024K, 56 young (57344K), 7 survivors (7168K)
 Metaspace       used 87981K, committed 88640K, reserved 1130496K
  class space    used 12008K, committed 12288K, reserved 1048576K
}
Event: 19.680 GC heap after
{Heap after GC invocations=28 (full 0):
 garbage-first heap   total 143360K, used 68931K [0x0000000080000000, 0x0000000100000000)
  region size 1024K, 7 young (7168K), 7 survivors (7168K)
 Metaspace       used 87981K, committed 88640K, reserved 1130496K
  class space    used 12008K, committed 12288K, reserved 1048576K
}
Event: 20.442 GC heap before
{Heap before GC invocations=28 (full 0):
 garbage-first heap   total 143360K, used 111939K [0x0000000080000000, 0x0000000100000000)
  region size 1024K, 49 young (50176K), 7 survivors (7168K)
 Metaspace       used 89836K, committed 90496K, reserved 1130496K
  class space    used 12365K, committed 12672K, reserved 1048576K
}
Event: 20.476 GC heap after
{Heap after GC invocations=29 (full 0):
 garbage-first heap   total 143360K, used 74805K [0x0000000080000000, 0x0000000100000000)
  region size 1024K, 6 young (6144K), 6 survivors (6144K)
 Metaspace       used 89836K, committed 90496K, reserved 1130496K
  class space    used 12365K, committed 12672K, reserved 1048576K
}
Event: 20.984 GC heap before
{Heap before GC invocations=29 (full 0):
 garbage-first heap   total 143360K, used 112693K [0x0000000080000000, 0x0000000100000000)
  region size 1024K, 44 young (45056K), 6 survivors (6144K)
 Metaspace       used 90157K, committed 90880K, reserved 1130496K
  class space    used 12412K, committed 12736K, reserved 1048576K
}
Event: 21.000 GC heap after
{Heap after GC invocations=30 (full 0):
 garbage-first heap   total 143360K, used 79075K [0x0000000080000000, 0x0000000100000000)
  region size 1024K, 5 young (5120K), 5 survivors (5120K)
 Metaspace       used 90157K, committed 90880K, reserved 1130496K
  class space    used 12412K, committed 12736K, reserved 1048576K
}
Event: 21.787 GC heap before
{Heap before GC invocations=31 (full 0):
 garbage-first heap   total 143360K, used 114915K [0x0000000080000000, 0x0000000100000000)
  region size 1024K, 41 young (41984K), 5 survivors (5120K)
 Metaspace       used 90695K, committed 91328K, reserved 1130496K
  class space    used 12464K, committed 12736K, reserved 1048576K
}
Event: 21.799 GC heap after
{Heap after GC invocations=32 (full 0):
 garbage-first heap   total 143360K, used 82535K [0x0000000080000000, 0x0000000100000000)
  region size 1024K, 4 young (4096K), 4 survivors (4096K)
 Metaspace       used 90695K, committed 91328K, reserved 1130496K
  class space    used 12464K, committed 12736K, reserved 1048576K
}
Event: 21.820 GC heap before
{Heap before GC invocations=32 (full 0):
 garbage-first heap   total 143360K, used 85607K [0x0000000080000000, 0x0000000100000000)
  region size 1024K, 7 young (7168K), 4 survivors (4096K)
 Metaspace       used 90699K, committed 91328K, reserved 1130496K
  class space    used 12464K, committed 12736K, reserved 1048576K
}
Event: 21.829 GC heap after
{Heap after GC invocations=33 (full 0):
 garbage-first heap   total 251904K, used 81831K [0x0000000080000000, 0x0000000100000000)
  region size 1024K, 1 young (1024K), 1 survivors (1024K)
 Metaspace       used 90699K, committed 91328K, reserved 1130496K
  class space    used 12464K, committed 12736K, reserved 1048576K
}
Event: 24.478 GC heap before
{Heap before GC invocations=33 (full 0):
 garbage-first heap   total 251904K, used 220071K [0x0000000080000000, 0x0000000100000000)
  region size 1024K, 113 young (115712K), 1 survivors (1024K)
 Metaspace       used 96757K, committed 97472K, reserved 1138688K
  class space    used 13202K, committed 13504K, reserved 1048576K
}
Event: 24.496 GC heap after
{Heap after GC invocations=34 (full 0):
 garbage-first heap   total 251904K, used 112039K [0x0000000080000000, 0x0000000100000000)
  region size 1024K, 14 young (14336K), 14 survivors (14336K)
 Metaspace       used 96757K, committed 97472K, reserved 1138688K
  class space    used 13202K, committed 13504K, reserved 1048576K
}
Event: 26.095 GC heap before
{Heap before GC invocations=34 (full 0):
 garbage-first heap   total 251904K, used 213415K [0x0000000080000000, 0x0000000100000000)
  region size 1024K, 93 young (95232K), 14 survivors (14336K)
 Metaspace       used 99689K, committed 100416K, reserved 1138688K
  class space    used 13798K, committed 14144K, reserved 1048576K
}
Event: 26.149 GC heap after
{Heap after GC invocations=35 (full 0):
 garbage-first heap   total 257024K, used 148750K [0x0000000080000000, 0x0000000100000000)
  region size 1024K, 12 young (12288K), 12 survivors (12288K)
 Metaspace       used 99689K, committed 100416K, reserved 1138688K
  class space    used 13798K, committed 14144K, reserved 1048576K
}
Event: 26.474 GC heap before
{Heap before GC invocations=35 (full 0):
 garbage-first heap   total 257024K, used 199950K [0x0000000080000000, 0x0000000100000000)
  region size 1024K, 62 young (63488K), 12 survivors (12288K)
 Metaspace       used 99866K, committed 100544K, reserved 1138688K
  class space    used 13799K, committed 14144K, reserved 1048576K
}
Event: 26.555 GC heap after
{Heap after GC invocations=36 (full 0):
 garbage-first heap   total 257024K, used 175512K [0x0000000080000000, 0x0000000100000000)
  region size 1024K, 8 young (8192K), 8 survivors (8192K)
 Metaspace       used 99866K, committed 100544K, reserved 1138688K
  class space    used 13799K, committed 14144K, reserved 1048576K
}
Event: 26.715 GC heap before
{Heap before GC invocations=36 (full 0):
 garbage-first heap   total 257024K, used 203160K [0x0000000080000000, 0x0000000100000000)
  region size 1024K, 36 young (36864K), 8 survivors (8192K)
 Metaspace       used 99906K, committed 100608K, reserved 1138688K
  class space    used 13799K, committed 14144K, reserved 1048576K
}
Event: 26.759 GC heap after
{Heap after GC invocations=37 (full 0):
 garbage-first heap   total 257024K, used 192000K [0x0000000080000000, 0x0000000100000000)
  region size 1024K, 5 young (5120K), 5 survivors (5120K)
 Metaspace       used 99906K, committed 100608K, reserved 1138688K
  class space    used 13799K, committed 14144K, reserved 1048576K
}
Event: 26.918 GC heap before
{Heap before GC invocations=37 (full 0):
 garbage-first heap   total 257024K, used 209408K [0x0000000080000000, 0x0000000100000000)
  region size 1024K, 22 young (22528K), 5 survivors (5120K)
 Metaspace       used 99907K, committed 100608K, reserved 1138688K
  class space    used 13799K, committed 14144K, reserved 1048576K
}

