# JRE version: OpenJDK Runtime Environment (17.0.6) (build 17.0.6+0-b2043.56-10027231)
# Java VM: OpenJDK 64-Bit Server VM (17.0.6+0-b2043.56-10027231, mixed mode, tiered, compressed oops, compressed class ptrs, g1 gc, windows-amd64)
GC Precious Log:
 CPUs: 8 total, 8 available
 Memory: 16194M
 Large Page Support: Disabled
 NUMA Support: Disabled
 Compressed Oops: Enabled (32-bit)
 Heap Region Size: 1M
 Heap Min Capacity: 8M
 Heap Initial Capacity: 254M
 Heap Max Capacity: 2G
 Pre-touch: Disabled
 Parallel Workers: 8
 Concurrent Workers: 2
 Concurrent Refinement Workers: 8
 Periodic GC: Disabled
Heap:
 garbage-first heap   total 120832K, used 63209K [0x0000000080000000, 0x0000000100000000)
  region size 1024K, 8 young (8192K), 6 survivors (6144K)
 Metaspace       used 84401K, committed 84992K, reserved 1122304K
  class space    used 11541K, committed 11776K, reserved 1048576K
GC Heap History (20 events):
Event: 27.437 GC heap before
{Heap before GC invocations=17 (full 0):
 garbage-first heap   total 71680K, used 54944K [0x0000000080000000, 0x0000000100000000)
  region size 1024K, 11 young (11264K), 1 survivors (1024K)
 Metaspace       used 54994K, committed 55488K, reserved 1097728K
  class space    used 7328K, committed 7552K, reserved 1048576K
}
Event: 27.440 GC heap after
{Heap after GC invocations=18 (full 0):
 garbage-first heap   total 71680K, used 45923K [0x0000000080000000, 0x0000000100000000)
  region size 1024K, 1 young (1024K), 1 survivors (1024K)
 Metaspace       used 54994K, committed 55488K, reserved 1097728K
  class space    used 7328K, committed 7552K, reserved 1048576K
}
Event: 27.668 GC heap before
{Heap before GC invocations=19 (full 0):
 garbage-first heap   total 83968K, used 57187K [0x0000000080000000, 0x0000000100000000)
  region size 1024K, 12 young (12288K), 1 survivors (1024K)
 Metaspace       used 56516K, committed 57024K, reserved 1105920K
  class space    used 7547K, committed 7744K, reserved 1048576K
}
Event: 27.670 GC heap after
{Heap after GC invocations=20 (full 0):
 garbage-first heap   total 83968K, used 46392K [0x0000000080000000, 0x0000000100000000)
  region size 1024K, 1 young (1024K), 1 survivors (1024K)
 Metaspace       used 56516K, committed 57024K, reserved 1105920K
  class space    used 7547K, committed 7744K, reserved 1048576K
}
Event: 27.744 GC heap before
{Heap before GC invocations=20 (full 0):
 garbage-first heap   total 83968K, used 49464K [0x0000000080000000, 0x0000000100000000)
  region size 1024K, 4 young (4096K), 1 survivors (1024K)
 Metaspace       used 56941K, committed 57408K, reserved 1105920K
  class space    used 7616K, committed 7808K, reserved 1048576K
}
Event: 27.749 GC heap after
{Heap after GC invocations=21 (full 0):
 garbage-first heap   total 83968K, used 46074K [0x0000000080000000, 0x0000000100000000)
  region size 1024K, 1 young (1024K), 1 survivors (1024K)
 Metaspace       used 56941K, committed 57408K, reserved 1105920K
  class space    used 7616K, committed 7808K, reserved 1048576K
}
Event: 28.633 GC heap before
{Heap before GC invocations=21 (full 0):
 garbage-first heap   total 83968K, used 66554K [0x0000000080000000, 0x0000000100000000)
  region size 1024K, 21 young (21504K), 1 survivors (1024K)
 Metaspace       used 60209K, committed 60800K, reserved 1105920K
  class space    used 7993K, committed 8256K, reserved 1048576K
}
Event: 28.637 GC heap after
{Heap after GC invocations=22 (full 0):
 garbage-first heap   total 120832K, used 46701K [0x0000000080000000, 0x0000000100000000)
  region size 1024K, 2 young (2048K), 2 survivors (2048K)
 Metaspace       used 60209K, committed 60800K, reserved 1105920K
  class space    used 7993K, committed 8256K, reserved 1048576K
}
Event: 29.720 GC heap before
{Heap before GC invocations=23 (full 0):
 garbage-first heap   total 120832K, used 100973K [0x0000000080000000, 0x0000000100000000)
  region size 1024K, 49 young (50176K), 2 survivors (2048K)
 Metaspace       used 66034K, committed 66624K, reserved 1114112K
  class space    used 8759K, committed 9024K, reserved 1048576K
}
Event: 29.725 GC heap after
{Heap after GC invocations=24 (full 0):
 garbage-first heap   total 120832K, used 51504K [0x0000000080000000, 0x0000000100000000)
  region size 1024K, 6 young (6144K), 6 survivors (6144K)
 Metaspace       used 66034K, committed 66624K, reserved 1114112K
  class space    used 8759K, committed 9024K, reserved 1048576K
}
Event: 29.743 GC heap before
{Heap before GC invocations=24 (full 0):
 garbage-first heap   total 120832K, used 52528K [0x0000000080000000, 0x0000000100000000)
  region size 1024K, 7 young (7168K), 6 survivors (6144K)
 Metaspace       used 66119K, committed 66688K, reserved 1114112K
  class space    used 8769K, committed 9024K, reserved 1048576K
}
Event: 29.748 GC heap after
{Heap after GC invocations=25 (full 0):
 garbage-first heap   total 120832K, used 51955K [0x0000000080000000, 0x0000000100000000)
  region size 1024K, 1 young (1024K), 1 survivors (1024K)
 Metaspace       used 66119K, committed 66688K, reserved 1114112K
  class space    used 8769K, committed 9024K, reserved 1048576K
}
Event: 30.527 GC heap before
{Heap before GC invocations=25 (full 0):
 garbage-first heap   total 120832K, used 94963K [0x0000000080000000, 0x0000000100000000)
  region size 1024K, 43 young (44032K), 1 survivors (1024K)
 Metaspace       used 71297K, committed 71872K, reserved 1114112K
  class space    used 9467K, committed 9728K, reserved 1048576K
}
Event: 30.532 GC heap after
{Heap after GC invocations=26 (full 0):
 garbage-first heap   total 120832K, used 53856K [0x0000000080000000, 0x0000000100000000)
  region size 1024K, 3 young (3072K), 3 survivors (3072K)
 Metaspace       used 71297K, committed 71872K, reserved 1114112K
  class space    used 9467K, committed 9728K, reserved 1048576K
}
Event: 31.681 GC heap before
{Heap before GC invocations=26 (full 0):
 garbage-first heap   total 120832K, used 95840K [0x0000000080000000, 0x0000000100000000)
  region size 1024K, 44 young (45056K), 3 survivors (3072K)
 Metaspace       used 75019K, committed 75648K, reserved 1122304K
  class space    used 9961K, committed 10240K, reserved 1048576K
}
Event: 31.690 GC heap after
{Heap after GC invocations=27 (full 0):
 garbage-first heap   total 120832K, used 56717K [0x0000000080000000, 0x0000000100000000)
  region size 1024K, 6 young (6144K), 6 survivors (6144K)
 Metaspace       used 75019K, committed 75648K, reserved 1122304K
  class space    used 9961K, committed 10240K, reserved 1048576K
}
Event: 33.258 GC heap before
{Heap before GC invocations=27 (full 0):
 garbage-first heap   total 120832K, used 97677K [0x0000000080000000, 0x0000000100000000)
  region size 1024K, 46 young (47104K), 6 survivors (6144K)
 Metaspace       used 80027K, committed 80576K, reserved 1122304K
  class space    used 10868K, committed 11136K, reserved 1048576K
}
Event: 33.277 GC heap after
{Heap after GC invocations=28 (full 0):
 garbage-first heap   total 120832K, used 59147K [0x0000000080000000, 0x0000000100000000)
  region size 1024K, 6 young (6144K), 6 survivors (6144K)
 Metaspace       used 80027K, committed 80576K, reserved 1122304K
  class space    used 10868K, committed 11136K, reserved 1048576K
}
Event: 34.970 GC heap before
{Heap before GC invocations=28 (full 0):
 garbage-first heap   total 120832K, used 98059K [0x0000000080000000, 0x0000000100000000)
  region size 1024K, 44 young (45056K), 6 survivors (6144K)
 Metaspace       used 84214K, committed 84800K, reserved 1122304K
  class space    used 11516K, committed 11776K, reserved 1048576K
}
Event: 34.983 GC heap after
{Heap after GC invocations=29 (full 0):
 garbage-first heap   total 120832K, used 62185K [0x0000000080000000, 0x0000000100000000)
  region size 1024K, 6 young (6144K), 6 survivors (6144K)
 Metaspace       used 84214K, committed 84800K, reserved 1122304K
  class space    used 11516K, committed 11776K, reserved 1048576K
}

