# JRE version: OpenJDK Runtime Environment (17.0.6) (build 17.0.6+0-b2043.56-10027231)
# Java VM: OpenJDK 64-Bit Server VM (17.0.6+0-b2043.56-10027231, mixed mode, tiered, compressed oops, compressed class ptrs, g1 gc, windows-amd64)
GC Precious Log:
 CPUs: 8 total, 8 available
 Memory: 16194M
 Large Page Support: Disabled
 NUMA Support: Disabled
 Compressed Oops: Enabled (32-bit)
 Heap Region Size: 1M
 Heap Min Capacity: 8M
 Heap Initial Capacity: 254M
 Heap Max Capacity: 2G
 Pre-touch: Disabled
 Parallel Workers: 8
 Concurrent Workers: 2
 Concurrent Refinement Workers: 8
 Periodic GC: Disabled
Heap:
 garbage-first heap   total 333824K, used 206655K [0x0000000080000000, 0x0000000100000000)
  region size 1024K, 129 young (132096K), 1 survivors (1024K)
 Metaspace       used 96117K, committed 96896K, reserved 1138688K
  class space    used 13124K, committed 13504K, reserved 1048576K
GC Heap History (20 events):
Event: 9.218 GC heap before
{Heap before GC invocations=28 (full 0):
 garbage-first heap   total 102400K, used 60368K [0x0000000080000000, 0x0000000100000000)
  region size 1024K, 5 young (5120K), 2 survivors (2048K)
 Metaspace       used 76845K, committed 77440K, reserved 1122304K
  class space    used 10395K, committed 10688K, reserved 1048576K
}
Event: 9.222 GC heap after
{Heap after GC invocations=29 (full 0):
 garbage-first heap   total 102400K, used 57281K [0x0000000080000000, 0x0000000100000000)
  region size 1024K, 1 young (1024K), 1 survivors (1024K)
 Metaspace       used 76845K, committed 77440K, reserved 1122304K
  class space    used 10395K, committed 10688K, reserved 1048576K
}
Event: 10.188 GC heap before
{Heap before GC invocations=29 (full 0):
 garbage-first heap   total 102400K, used 81857K [0x0000000080000000, 0x0000000100000000)
  region size 1024K, 25 young (25600K), 1 survivors (1024K)
 Metaspace       used 79592K, committed 80256K, reserved 1122304K
  class space    used 10828K, committed 11136K, reserved 1048576K
}
Event: 10.193 GC heap after
{Heap after GC invocations=30 (full 0):
 garbage-first heap   total 122880K, used 58647K [0x0000000080000000, 0x0000000100000000)
  region size 1024K, 2 young (2048K), 2 survivors (2048K)
 Metaspace       used 79592K, committed 80256K, reserved 1122304K
  class space    used 10828K, committed 11136K, reserved 1048576K
}
Event: 11.590 GC heap before
{Heap before GC invocations=31 (full 0):
 garbage-first heap   total 122880K, used 97559K [0x0000000080000000, 0x0000000100000000)
  region size 1024K, 40 young (40960K), 2 survivors (2048K)
 Metaspace       used 83844K, committed 84416K, reserved 1122304K
  class space    used 11466K, committed 11712K, reserved 1048576K
}
Event: 11.597 GC heap after
{Heap after GC invocations=32 (full 0):
 garbage-first heap   total 122880K, used 61392K [0x0000000080000000, 0x0000000100000000)
  region size 1024K, 5 young (5120K), 5 survivors (5120K)
 Metaspace       used 83844K, committed 84416K, reserved 1122304K
  class space    used 11466K, committed 11712K, reserved 1048576K
}
Event: 11.616 GC heap before
{Heap before GC invocations=32 (full 0):
 garbage-first heap   total 122880K, used 62416K [0x0000000080000000, 0x0000000100000000)
  region size 1024K, 6 young (6144K), 5 survivors (5120K)
 Metaspace       used 83950K, committed 84544K, reserved 1122304K
  class space    used 11494K, committed 11776K, reserved 1048576K
}
Event: 11.622 GC heap after
{Heap after GC invocations=33 (full 0):
 garbage-first heap   total 122880K, used 61719K [0x0000000080000000, 0x0000000100000000)
  region size 1024K, 1 young (1024K), 1 survivors (1024K)
 Metaspace       used 83950K, committed 84544K, reserved 1122304K
  class space    used 11494K, committed 11776K, reserved 1048576K
}
Event: 12.267 GC heap before
{Heap before GC invocations=33 (full 0):
 garbage-first heap   total 122880K, used 98583K [0x0000000080000000, 0x0000000100000000)
  region size 1024K, 37 young (37888K), 1 survivors (1024K)
 Metaspace       used 87659K, committed 88256K, reserved 1130496K
  class space    used 11983K, committed 12288K, reserved 1048576K
}
Event: 12.274 GC heap after
{Heap after GC invocations=34 (full 0):
 garbage-first heap   total 122880K, used 64684K [0x0000000080000000, 0x0000000100000000)
  region size 1024K, 4 young (4096K), 4 survivors (4096K)
 Metaspace       used 87659K, committed 88256K, reserved 1130496K
  class space    used 11983K, committed 12288K, reserved 1048576K
}
Event: 12.768 GC heap before
{Heap before GC invocations=35 (full 0):
 garbage-first heap   total 122880K, used 99500K [0x0000000080000000, 0x0000000100000000)
  region size 1024K, 38 young (38912K), 4 survivors (4096K)
 Metaspace       used 88018K, committed 88704K, reserved 1130496K
  class space    used 12015K, committed 12352K, reserved 1048576K
}
Event: 12.777 GC heap after
{Heap after GC invocations=36 (full 0):
 garbage-first heap   total 122880K, used 70376K [0x0000000080000000, 0x0000000100000000)
  region size 1024K, 5 young (5120K), 5 survivors (5120K)
 Metaspace       used 88018K, committed 88704K, reserved 1130496K
  class space    used 12015K, committed 12352K, reserved 1048576K
}
Event: 12.787 GC heap before
{Heap before GC invocations=36 (full 0):
 garbage-first heap   total 122880K, used 71400K [0x0000000080000000, 0x0000000100000000)
  region size 1024K, 6 young (6144K), 5 survivors (5120K)
 Metaspace       used 88021K, committed 88704K, reserved 1130496K
  class space    used 12015K, committed 12352K, reserved 1048576K
}
Event: 12.794 GC heap after
{Heap after GC invocations=37 (full 0):
 garbage-first heap   total 122880K, used 71159K [0x0000000080000000, 0x0000000100000000)
  region size 1024K, 1 young (1024K), 1 survivors (1024K)
 Metaspace       used 88021K, committed 88704K, reserved 1130496K
  class space    used 12015K, committed 12352K, reserved 1048576K
}
Event: 13.254 GC heap before
{Heap before GC invocations=37 (full 0):
 garbage-first heap   total 122880K, used 98807K [0x0000000080000000, 0x0000000100000000)
  region size 1024K, 29 young (29696K), 1 survivors (1024K)
 Metaspace       used 89944K, committed 90560K, reserved 1130496K
  class space    used 12407K, committed 12672K, reserved 1048576K
}
Event: 13.260 GC heap after
{Heap after GC invocations=38 (full 0):
 garbage-first heap   total 122880K, used 73750K [0x0000000080000000, 0x0000000100000000)
  region size 1024K, 4 young (4096K), 4 survivors (4096K)
 Metaspace       used 89944K, committed 90560K, reserved 1130496K
  class space    used 12407K, committed 12672K, reserved 1048576K
}
Event: 13.568 GC heap before
{Heap before GC invocations=39 (full 0):
 garbage-first heap   total 142336K, used 97302K [0x0000000080000000, 0x0000000100000000)
  region size 1024K, 28 young (28672K), 4 survivors (4096K)
 Metaspace       used 90062K, committed 90752K, reserved 1130496K
  class space    used 12413K, committed 12736K, reserved 1048576K
}
Event: 13.578 GC heap after
{Heap after GC invocations=40 (full 0):
 garbage-first heap   total 142336K, used 76507K [0x0000000080000000, 0x0000000100000000)
  region size 1024K, 3 young (3072K), 3 survivors (3072K)
 Metaspace       used 90062K, committed 90752K, reserved 1130496K
  class space    used 12413K, committed 12736K, reserved 1048576K
}
Event: 13.611 GC heap before
{Heap before GC invocations=40 (full 0):
 garbage-first heap   total 142336K, used 78555K [0x0000000080000000, 0x0000000100000000)
  region size 1024K, 6 young (6144K), 3 survivors (3072K)
 Metaspace       used 90079K, committed 90752K, reserved 1130496K
  class space    used 12413K, committed 12736K, reserved 1048576K
}
Event: 13.618 GC heap after
{Heap after GC invocations=41 (full 0):
 garbage-first heap   total 333824K, used 76607K [0x0000000080000000, 0x0000000100000000)
  region size 1024K, 1 young (1024K), 1 survivors (1024K)
 Metaspace       used 90079K, committed 90752K, reserved 1130496K
  class space    used 12413K, committed 12736K, reserved 1048576K
}

