# JRE version: OpenJDK Runtime Environment (17.0.6) (build 17.0.6+0-b2043.56-10027231)
# Java VM: OpenJDK 64-Bit Server VM (17.0.6+0-b2043.56-10027231, mixed mode, tiered, compressed oops, compressed class ptrs, g1 gc, windows-amd64)
GC Precious Log:
 CPUs: 8 total, 8 available
 Memory: 16194M
 Large Page Support: Disabled
 NUMA Support: Disabled
 Compressed Oops: Enabled (32-bit)
 Heap Region Size: 1M
 Heap Min Capacity: 8M
 Heap Initial Capacity: 254M
 Heap Max Capacity: 2G
 Pre-touch: Disabled
 Parallel Workers: 8
 Concurrent Workers: 2
 Concurrent Refinement Workers: 8
 Periodic GC: Disabled
Heap:
 garbage-first heap   total 217088K, used 71171K [0x0000000080000000, 0x0000000100000000)
  region size 1024K, 1 young (1024K), 1 survivors (1024K)
 Metaspace       used 88025K, committed 88704K, reserved 1130496K
  class space    used 12019K, committed 12352K, reserved 1048576K
GC Heap History (20 events):
Event: 18.245 GC heap after
{Heap after GC invocations=28 (full 0):
 garbage-first heap   total 101376K, used 54879K [0x0000000080000000, 0x0000000100000000)
  region size 1024K, 3 young (3072K), 3 survivors (3072K)
 Metaspace       used 70891K, committed 71552K, reserved 1114112K
  class space    used 9429K, committed 9728K, reserved 1048576K
}
Event: 18.279 GC heap before
{Heap before GC invocations=28 (full 0):
 garbage-first heap   total 101376K, used 55903K [0x0000000080000000, 0x0000000100000000)
  region size 1024K, 4 young (4096K), 3 survivors (3072K)
 Metaspace       used 71058K, committed 71680K, reserved 1114112K
  class space    used 9449K, committed 9728K, reserved 1048576K
}
Event: 18.287 GC heap after
{Heap after GC invocations=29 (full 0):
 garbage-first heap   total 101376K, used 54519K [0x0000000080000000, 0x0000000100000000)
  region size 1024K, 1 young (1024K), 1 survivors (1024K)
 Metaspace       used 71058K, committed 71680K, reserved 1114112K
  class space    used 9449K, committed 9728K, reserved 1048576K
}
Event: 19.139 GC heap before
{Heap before GC invocations=29 (full 0):
 garbage-first heap   total 101376K, used 77047K [0x0000000080000000, 0x0000000100000000)
  region size 1024K, 24 young (24576K), 1 survivors (1024K)
 Metaspace       used 72883K, committed 73472K, reserved 1114112K
  class space    used 9679K, committed 9984K, reserved 1048576K
}
Event: 19.146 GC heap after
{Heap after GC invocations=30 (full 0):
 garbage-first heap   total 101376K, used 56271K [0x0000000080000000, 0x0000000100000000)
  region size 1024K, 2 young (2048K), 2 survivors (2048K)
 Metaspace       used 72883K, committed 73472K, reserved 1114112K
  class space    used 9679K, committed 9984K, reserved 1048576K
}
Event: 20.094 GC heap before
{Heap before GC invocations=31 (full 0):
 garbage-first heap   total 101376K, used 79823K [0x0000000080000000, 0x0000000100000000)
  region size 1024K, 25 young (25600K), 2 survivors (2048K)
 Metaspace       used 75427K, committed 76032K, reserved 1122304K
  class space    used 10077K, committed 10368K, reserved 1048576K
}
Event: 20.102 GC heap after
{Heap after GC invocations=32 (full 0):
 garbage-first heap   total 121856K, used 57418K [0x0000000080000000, 0x0000000100000000)
  region size 1024K, 4 young (4096K), 4 survivors (4096K)
 Metaspace       used 75427K, committed 76032K, reserved 1122304K
  class space    used 10077K, committed 10368K, reserved 1048576K
}
Event: 20.139 GC heap before
{Heap before GC invocations=32 (full 0):
 garbage-first heap   total 121856K, used 58442K [0x0000000080000000, 0x0000000100000000)
  region size 1024K, 5 young (5120K), 4 survivors (4096K)
 Metaspace       used 75585K, committed 76160K, reserved 1122304K
  class space    used 10107K, committed 10368K, reserved 1048576K
}
Event: 20.151 GC heap after
{Heap after GC invocations=33 (full 0):
 garbage-first heap   total 121856K, used 57306K [0x0000000080000000, 0x0000000100000000)
  region size 1024K, 1 young (1024K), 1 survivors (1024K)
 Metaspace       used 75585K, committed 76160K, reserved 1122304K
  class space    used 10107K, committed 10368K, reserved 1048576K
}
Event: 21.731 GC heap before
{Heap before GC invocations=33 (full 0):
 garbage-first heap   total 121856K, used 95194K [0x0000000080000000, 0x0000000100000000)
  region size 1024K, 38 young (38912K), 1 survivors (1024K)
 Metaspace       used 80022K, committed 80640K, reserved 1122304K
  class space    used 10876K, committed 11136K, reserved 1048576K
}
Event: 21.740 GC heap after
{Heap after GC invocations=34 (full 0):
 garbage-first heap   total 121856K, used 59814K [0x0000000080000000, 0x0000000100000000)
  region size 1024K, 3 young (3072K), 3 survivors (3072K)
 Metaspace       used 80022K, committed 80640K, reserved 1122304K
  class space    used 10876K, committed 11136K, reserved 1048576K
}
Event: 23.389 GC heap before
{Heap before GC invocations=35 (full 0):
 garbage-first heap   total 121856K, used 96678K [0x0000000080000000, 0x0000000100000000)
  region size 1024K, 39 young (39936K), 3 survivors (3072K)
 Metaspace       used 84028K, committed 84608K, reserved 1122304K
  class space    used 11507K, committed 11776K, reserved 1048576K
}
Event: 23.403 GC heap after
{Heap after GC invocations=36 (full 0):
 garbage-first heap   total 121856K, used 61841K [0x0000000080000000, 0x0000000100000000)
  region size 1024K, 3 young (3072K), 3 survivors (3072K)
 Metaspace       used 84028K, committed 84608K, reserved 1122304K
  class space    used 11507K, committed 11776K, reserved 1048576K
}
Event: 23.579 GC heap before
{Heap before GC invocations=36 (full 0):
 garbage-first heap   total 121856K, used 63889K [0x0000000080000000, 0x0000000100000000)
  region size 1024K, 5 young (5120K), 3 survivors (3072K)
 Metaspace       used 84250K, committed 84928K, reserved 1122304K
  class space    used 11543K, committed 11840K, reserved 1048576K
}
Event: 23.586 GC heap after
{Heap after GC invocations=37 (full 0):
 garbage-first heap   total 121856K, used 61923K [0x0000000080000000, 0x0000000100000000)
  region size 1024K, 1 young (1024K), 1 survivors (1024K)
 Metaspace       used 84250K, committed 84928K, reserved 1122304K
  class space    used 11543K, committed 11840K, reserved 1048576K
}
Event: 25.717 GC heap before
{Heap before GC invocations=37 (full 0):
 garbage-first heap   total 121856K, used 97763K [0x0000000080000000, 0x0000000100000000)
  region size 1024K, 36 young (36864K), 1 survivors (1024K)
 Metaspace       used 87841K, committed 88448K, reserved 1130496K
  class space    used 12004K, committed 12288K, reserved 1048576K
}
Event: 25.728 GC heap after
{Heap after GC invocations=38 (full 0):
 garbage-first heap   total 121856K, used 65174K [0x0000000080000000, 0x0000000100000000)
  region size 1024K, 4 young (4096K), 4 survivors (4096K)
 Metaspace       used 87841K, committed 88448K, reserved 1130496K
  class space    used 12004K, committed 12288K, reserved 1048576K
}
Event: 26.370 GC heap before
{Heap before GC invocations=39 (full 0):
 garbage-first heap   total 121856K, used 97942K [0x0000000080000000, 0x0000000100000000)
  region size 1024K, 36 young (36864K), 4 survivors (4096K)
 Metaspace       used 88018K, committed 88704K, reserved 1130496K
  class space    used 12018K, committed 12352K, reserved 1048576K
}
Event: 26.383 GC heap after
{Heap after GC invocations=40 (full 0):
 garbage-first heap   total 121856K, used 70322K [0x0000000080000000, 0x0000000100000000)
  region size 1024K, 5 young (5120K), 5 survivors (5120K)
 Metaspace       used 88018K, committed 88704K, reserved 1130496K
  class space    used 12018K, committed 12352K, reserved 1048576K
}
Event: 26.399 GC heap before
{Heap before GC invocations=40 (full 0):
 garbage-first heap   total 121856K, used 71346K [0x0000000080000000, 0x0000000100000000)
  region size 1024K, 6 young (6144K), 5 survivors (5120K)
 Metaspace       used 88025K, committed 88704K, reserved 1130496K
  class space    used 12019K, committed 12352K, reserved 1048576K
}

