# JRE version: OpenJDK Runtime Environment (17.0.6) (build 17.0.6+0-b2043.56-10027231)
# Java VM: OpenJDK 64-Bit Server VM (17.0.6+0-b2043.56-10027231, mixed mode, tiered, compressed oops, compressed class ptrs, g1 gc, windows-amd64)
GC Precious Log:
 CPUs: 8 total, 8 available
 Memory: 16194M
 Large Page Support: Disabled
 NUMA Support: Disabled
 Compressed Oops: Enabled (32-bit)
 Heap Region Size: 1M
 Heap Min Capacity: 8M
 Heap Initial Capacity: 254M
 Heap Max Capacity: 2G
 Pre-touch: Disabled
 Parallel Workers: 8
 Concurrent Workers: 2
 Concurrent Refinement Workers: 8
 Periodic GC: Disabled
Heap:
 garbage-first heap   total 393216K, used 210181K [0x0000000080000000, 0x0000000100000000)
  region size 1024K, 3 young (3072K), 3 survivors (3072K)
 Metaspace       used 105995K, committed 106752K, reserved 1146880K
  class space    used 14620K, committed 14976K, reserved 1048576K
GC Heap History (20 events):
Event: 13.177 GC heap after
{Heap after GC invocations=30 (full 0):
 garbage-first heap   total 176128K, used 61875K [0x0000000080000000, 0x0000000100000000)
  region size 1024K, 1 young (1024K), 1 survivors (1024K)
 Metaspace       used 81701K, committed 82304K, reserved 1122304K
  class space    used 11125K, committed 11392K, reserved 1048576K
}
Event: 14.334 GC heap before
{Heap before GC invocations=30 (full 0):
 garbage-first heap   total 176128K, used 135603K [0x0000000080000000, 0x0000000100000000)
  region size 1024K, 73 young (74752K), 1 survivors (1024K)
 Metaspace       used 87898K, committed 88576K, reserved 1130496K
  class space    used 12005K, committed 12352K, reserved 1048576K
}
Event: 14.342 GC heap after
{Heap after GC invocations=31 (full 0):
 garbage-first heap   total 176128K, used 68512K [0x0000000080000000, 0x0000000100000000)
  region size 1024K, 8 young (8192K), 8 survivors (8192K)
 Metaspace       used 87898K, committed 88576K, reserved 1130496K
  class space    used 12005K, committed 12352K, reserved 1048576K
}
Event: 15.169 GC heap before
{Heap before GC invocations=31 (full 0):
 garbage-first heap   total 176128K, used 135072K [0x0000000080000000, 0x0000000100000000)
  region size 1024K, 74 young (75776K), 8 survivors (8192K)
 Metaspace       used 89949K, committed 90560K, reserved 1130496K
  class space    used 12397K, committed 12672K, reserved 1048576K
}
Event: 15.182 GC heap after
{Heap after GC invocations=32 (full 0):
 garbage-first heap   total 176128K, used 77449K [0x0000000080000000, 0x0000000100000000)
  region size 1024K, 9 young (9216K), 9 survivors (9216K)
 Metaspace       used 89949K, committed 90560K, reserved 1130496K
  class space    used 12397K, committed 12672K, reserved 1048576K
}
Event: 16.063 GC heap before
{Heap before GC invocations=32 (full 0):
 garbage-first heap   total 176128K, used 135817K [0x0000000080000000, 0x0000000100000000)
  region size 1024K, 67 young (68608K), 9 survivors (9216K)
 Metaspace       used 90683K, committed 91328K, reserved 1130496K
  class space    used 12460K, committed 12736K, reserved 1048576K
}
Event: 16.076 GC heap after
{Heap after GC invocations=33 (full 0):
 garbage-first heap   total 176128K, used 81806K [0x0000000080000000, 0x0000000100000000)
  region size 1024K, 6 young (6144K), 6 survivors (6144K)
 Metaspace       used 90683K, committed 91328K, reserved 1130496K
  class space    used 12460K, committed 12736K, reserved 1048576K
}
Event: 16.711 GC heap before
{Heap before GC invocations=33 (full 0):
 garbage-first heap   total 176128K, used 139150K [0x0000000080000000, 0x0000000100000000)
  region size 1024K, 62 young (63488K), 6 survivors (6144K)
 Metaspace       used 92445K, committed 93120K, reserved 1130496K
  class space    used 12613K, committed 12928K, reserved 1048576K
}
Event: 16.719 GC heap after
{Heap after GC invocations=34 (full 0):
 garbage-first heap   total 176128K, used 87237K [0x0000000080000000, 0x0000000100000000)
  region size 1024K, 6 young (6144K), 6 survivors (6144K)
 Metaspace       used 92445K, committed 93120K, reserved 1130496K
  class space    used 12613K, committed 12928K, reserved 1048576K
}
Event: 16.946 GC heap before
{Heap before GC invocations=34 (full 0):
 garbage-first heap   total 176128K, used 120005K [0x0000000080000000, 0x0000000100000000)
  region size 1024K, 40 young (40960K), 6 survivors (6144K)
 Metaspace       used 93208K, committed 93824K, reserved 1130496K
  class space    used 12690K, committed 12992K, reserved 1048576K
}
Event: 16.959 GC heap after
{Heap after GC invocations=35 (full 0):
 garbage-first heap   total 352256K, used 89792K [0x0000000080000000, 0x0000000100000000)
  region size 1024K, 3 young (3072K), 3 survivors (3072K)
 Metaspace       used 93208K, committed 93824K, reserved 1130496K
  class space    used 12690K, committed 12992K, reserved 1048576K
}
Event: 18.187 GC heap before
{Heap before GC invocations=35 (full 0):
 garbage-first heap   total 352256K, used 308928K [0x0000000080000000, 0x0000000100000000)
  region size 1024K, 174 young (178176K), 3 survivors (3072K)
 Metaspace       used 99694K, committed 100416K, reserved 1138688K
  class space    used 13770K, committed 14144K, reserved 1048576K
}
Event: 18.255 GC heap after
{Heap after GC invocations=36 (full 0):
 garbage-first heap   total 380928K, used 184086K [0x0000000080000000, 0x0000000100000000)
  region size 1024K, 22 young (22528K), 22 survivors (22528K)
 Metaspace       used 99694K, committed 100416K, reserved 1138688K
  class space    used 13770K, committed 14144K, reserved 1048576K
}
Event: 19.157 GC heap before
{Heap before GC invocations=36 (full 0):
 garbage-first heap   total 380928K, used 270102K [0x0000000080000000, 0x0000000100000000)
  region size 1024K, 107 young (109568K), 22 survivors (22528K)
 Metaspace       used 104214K, committed 105024K, reserved 1146880K
  class space    used 14415K, committed 14784K, reserved 1048576K
}
Event: 19.213 GC heap after
{Heap after GC invocations=37 (full 0):
 garbage-first heap   total 380928K, used 203264K [0x0000000080000000, 0x0000000100000000)
  region size 1024K, 14 young (14336K), 14 survivors (14336K)
 Metaspace       used 104214K, committed 105024K, reserved 1146880K
  class space    used 14415K, committed 14784K, reserved 1048576K
}
Event: 19.591 GC heap before
{Heap before GC invocations=37 (full 0):
 garbage-first heap   total 380928K, used 276992K [0x0000000080000000, 0x0000000100000000)
  region size 1024K, 88 young (90112K), 14 survivors (14336K)
 Metaspace       used 105326K, committed 106112K, reserved 1146880K
  class space    used 14536K, committed 14912K, reserved 1048576K
}
Event: 19.612 GC heap after
{Heap after GC invocations=38 (full 0):
 garbage-first heap   total 380928K, used 213930K [0x0000000080000000, 0x0000000100000000)
  region size 1024K, 10 young (10240K), 10 survivors (10240K)
 Metaspace       used 105326K, committed 106112K, reserved 1146880K
  class space    used 14536K, committed 14912K, reserved 1048576K
}
Event: 20.235 GC heap before
{Heap before GC invocations=39 (full 0):
 garbage-first heap   total 393216K, used 285610K [0x0000000080000000, 0x0000000100000000)
  region size 1024K, 86 young (88064K), 10 survivors (10240K)
 Metaspace       used 105976K, committed 106752K, reserved 1146880K
  class space    used 14615K, committed 14976K, reserved 1048576K
}
Event: 20.253 GC heap after
{Heap after GC invocations=40 (full 0):
 garbage-first heap   total 393216K, used 208622K [0x0000000080000000, 0x0000000100000000)
  region size 1024K, 4 young (4096K), 4 survivors (4096K)
 Metaspace       used 105976K, committed 106752K, reserved 1146880K
  class space    used 14615K, committed 14976K, reserved 1048576K
}
Event: 20.322 GC heap before
{Heap before GC invocations=40 (full 0):
 garbage-first heap   total 393216K, used 226030K [0x0000000080000000, 0x0000000100000000)
  region size 1024K, 19 young (19456K), 4 survivors (4096K)
 Metaspace       used 105995K, committed 106752K, reserved 1146880K
  class space    used 14620K, committed 14976K, reserved 1048576K
}

