# JRE version: OpenJDK Runtime Environment (17.0.6) (build 17.0.6+0-b2043.56-10027231)
# Java VM: OpenJDK 64-Bit Server VM (17.0.6+0-b2043.56-10027231, mixed mode, tiered, compressed oops, compressed class ptrs, g1 gc, windows-amd64)
GC Precious Log:
 CPUs: 8 total, 8 available
 Memory: 16194M
 Large Page Support: Disabled
 NUMA Support: Disabled
 Compressed Oops: Enabled (32-bit)
 Heap Region Size: 1M
 Heap Min Capacity: 8M
 Heap Initial Capacity: 254M
 Heap Max Capacity: 2G
 Pre-touch: Disabled
 Parallel Workers: 8
 Concurrent Workers: 2
 Concurrent Refinement Workers: 8
 Periodic GC: Disabled
Heap:
 garbage-first heap   total 199680K, used 184051K [0x0000000080000000, 0x0000000100000000)
  region size 1024K, 55 young (56320K), 8 survivors (8192K)
 Metaspace       used 97062K, committed 97728K, reserved 1138688K
  class space    used 13258K, committed 13568K, reserved 1048576K
GC Heap History (20 events):
Event: 17.191 GC heap before
{Heap before GC invocations=28 (full 0):
 garbage-first heap   total 129024K, used 57595K [0x0000000080000000, 0x0000000100000000)
  region size 1024K, 6 young (6144K), 4 survivors (4096K)
 Metaspace       used 72149K, committed 72704K, reserved 1114112K
  class space    used 9589K, committed 9856K, reserved 1048576K
}
Event: 17.200 GC heap after
{Heap after GC invocations=29 (full 0):
 garbage-first heap   total 129024K, used 56048K [0x0000000080000000, 0x0000000100000000)
  region size 1024K, 1 young (1024K), 1 survivors (1024K)
 Metaspace       used 72149K, committed 72704K, reserved 1114112K
  class space    used 9589K, committed 9856K, reserved 1048576K
}
Event: 18.553 GC heap before
{Heap before GC invocations=29 (full 0):
 garbage-first heap   total 129024K, used 97008K [0x0000000080000000, 0x0000000100000000)
  region size 1024K, 40 young (40960K), 1 survivors (1024K)
 Metaspace       used 75925K, committed 76480K, reserved 1122304K
  class space    used 10190K, committed 10432K, reserved 1048576K
}
Event: 18.559 GC heap after
{Heap after GC invocations=30 (full 0):
 garbage-first heap   total 129024K, used 57793K [0x0000000080000000, 0x0000000100000000)
  region size 1024K, 3 young (3072K), 3 survivors (3072K)
 Metaspace       used 75925K, committed 76480K, reserved 1122304K
  class space    used 10190K, committed 10432K, reserved 1048576K
}
Event: 19.699 GC heap before
{Heap before GC invocations=30 (full 0):
 garbage-first heap   total 129024K, used 97729K [0x0000000080000000, 0x0000000100000000)
  region size 1024K, 42 young (43008K), 3 survivors (3072K)
 Metaspace       used 80585K, committed 81216K, reserved 1122304K
  class space    used 10964K, committed 11264K, reserved 1048576K
}
Event: 19.710 GC heap after
{Heap after GC invocations=31 (full 0):
 garbage-first heap   total 129024K, used 60806K [0x0000000080000000, 0x0000000100000000)
  region size 1024K, 6 young (6144K), 6 survivors (6144K)
 Metaspace       used 80585K, committed 81216K, reserved 1122304K
  class space    used 10964K, committed 11264K, reserved 1048576K
}
Event: 20.596 GC heap before
{Heap before GC invocations=31 (full 0):
 garbage-first heap   total 129024K, used 99718K [0x0000000080000000, 0x0000000100000000)
  region size 1024K, 44 young (45056K), 6 survivors (6144K)
 Metaspace       used 84680K, committed 85248K, reserved 1122304K
  class space    used 11598K, committed 11840K, reserved 1048576K
}
Event: 20.611 GC heap after
{Heap after GC invocations=32 (full 0):
 garbage-first heap   total 129024K, used 63465K [0x0000000080000000, 0x0000000100000000)
  region size 1024K, 6 young (6144K), 6 survivors (6144K)
 Metaspace       used 84680K, committed 85248K, reserved 1122304K
  class space    used 11598K, committed 11840K, reserved 1048576K
}
Event: 21.418 GC heap before
{Heap before GC invocations=32 (full 0):
 garbage-first heap   total 129024K, used 102377K [0x0000000080000000, 0x0000000100000000)
  region size 1024K, 44 young (45056K), 6 survivors (6144K)
 Metaspace       used 87917K, committed 88576K, reserved 1130496K
  class space    used 12001K, committed 12288K, reserved 1048576K
}
Event: 21.434 GC heap after
{Heap after GC invocations=33 (full 0):
 garbage-first heap   total 129024K, used 67584K [0x0000000080000000, 0x0000000100000000)
  region size 1024K, 6 young (6144K), 6 survivors (6144K)
 Metaspace       used 87917K, committed 88576K, reserved 1130496K
  class space    used 12001K, committed 12288K, reserved 1048576K
}
Event: 21.973 GC heap before
{Heap before GC invocations=34 (full 0):
 garbage-first heap   total 129024K, used 104448K [0x0000000080000000, 0x0000000100000000)
  region size 1024K, 42 young (43008K), 6 survivors (6144K)
 Metaspace       used 88564K, committed 89216K, reserved 1130496K
  class space    used 12121K, committed 12416K, reserved 1048576K
}
Event: 21.988 GC heap after
{Heap after GC invocations=35 (full 0):
 garbage-first heap   total 129024K, used 73679K [0x0000000080000000, 0x0000000100000000)
  region size 1024K, 6 young (6144K), 6 survivors (6144K)
 Metaspace       used 88564K, committed 89216K, reserved 1130496K
  class space    used 12121K, committed 12416K, reserved 1048576K
}
Event: 22.017 GC heap before
{Heap before GC invocations=35 (full 0):
 garbage-first heap   total 129024K, used 74703K [0x0000000080000000, 0x0000000100000000)
  region size 1024K, 7 young (7168K), 6 survivors (6144K)
 Metaspace       used 88704K, committed 89344K, reserved 1130496K
  class space    used 12146K, committed 12416K, reserved 1048576K
}
Event: 22.029 GC heap after
{Heap after GC invocations=36 (full 0):
 garbage-first heap   total 199680K, used 73854K [0x0000000080000000, 0x0000000100000000)
  region size 1024K, 1 young (1024K), 1 survivors (1024K)
 Metaspace       used 88704K, committed 89344K, reserved 1130496K
  class space    used 12146K, committed 12416K, reserved 1048576K
}
Event: 23.288 GC heap before
{Heap before GC invocations=36 (full 0):
 garbage-first heap   total 199680K, used 150654K [0x0000000080000000, 0x0000000100000000)
  region size 1024K, 77 young (78848K), 1 survivors (1024K)
 Metaspace       used 90430K, committed 91072K, reserved 1130496K
  class space    used 12442K, committed 12736K, reserved 1048576K
}
Event: 23.301 GC heap after
{Heap after GC invocations=37 (full 0):
 garbage-first heap   total 199680K, used 80407K [0x0000000080000000, 0x0000000100000000)
  region size 1024K, 8 young (8192K), 8 survivors (8192K)
 Metaspace       used 90430K, committed 91072K, reserved 1130496K
  class space    used 12442K, committed 12736K, reserved 1048576K
}
Event: 24.932 GC heap before
{Heap before GC invocations=37 (full 0):
 garbage-first heap   total 199680K, used 151063K [0x0000000080000000, 0x0000000100000000)
  region size 1024K, 77 young (78848K), 8 survivors (8192K)
 Metaspace       used 92998K, committed 93632K, reserved 1130496K
  class space    used 12701K, committed 12992K, reserved 1048576K
}
Event: 24.956 GC heap after
{Heap after GC invocations=38 (full 0):
 garbage-first heap   total 199680K, used 86853K [0x0000000080000000, 0x0000000100000000)
  region size 1024K, 8 young (8192K), 8 survivors (8192K)
 Metaspace       used 92998K, committed 93632K, reserved 1130496K
  class space    used 12701K, committed 12992K, reserved 1048576K
}
Event: 25.898 GC heap before
{Heap before GC invocations=38 (full 0):
 garbage-first heap   total 199680K, used 140101K [0x0000000080000000, 0x0000000100000000)
  region size 1024K, 53 young (54272K), 8 survivors (8192K)
 Metaspace       used 93594K, committed 94272K, reserved 1138688K
  class space    used 12758K, committed 13056K, reserved 1048576K
}
Event: 25.913 GC heap after
{Heap after GC invocations=39 (full 0):
 garbage-first heap   total 199680K, used 102131K [0x0000000080000000, 0x0000000100000000)
  region size 1024K, 7 young (7168K), 7 survivors (7168K)
 Metaspace       used 93594K, committed 94272K, reserved 1138688K
  class space    used 12758K, committed 13056K, reserved 1048576K
}

