# JRE version: OpenJDK Runtime Environment (17.0.6) (build 17.0.6+0-b2043.56-10027231)
# Java VM: OpenJDK 64-Bit Server VM (17.0.6+0-b2043.56-10027231, mixed mode, tiered, compressed oops, compressed class ptrs, g1 gc, windows-amd64)
GC Precious Log:
 CPUs: 8 total, 8 available
 Memory: 16194M
 Large Page Support: Disabled
 NUMA Support: Disabled
 Compressed Oops: Enabled (32-bit)
 Heap Region Size: 1M
 Heap Min Capacity: 8M
 Heap Initial Capacity: 254M
 Heap Max Capacity: 2G
 Pre-touch: Disabled
 Parallel Workers: 8
 Concurrent Workers: 2
 Concurrent Refinement Workers: 8
 Periodic GC: Disabled
Heap:
 garbage-first heap   total 132096K, used 80035K [0x0000000080000000, 0x0000000100000000)
  region size 1024K, 4 young (4096K), 4 survivors (4096K)
 Metaspace       used 90257K, committed 90944K, reserved 1130496K
  class space    used 12416K, committed 12736K, reserved 1048576K
GC Heap History (20 events):
Event: 14.573 GC heap after
{Heap after GC invocations=23 (full 0):
 garbage-first heap   total 106496K, used 54066K [0x0000000080000000, 0x0000000100000000)
  region size 1024K, 4 young (4096K), 4 survivors (4096K)
 Metaspace       used 68581K, committed 69120K, reserved 1114112K
  class space    used 9128K, committed 9408K, reserved 1048576K
}
Event: 15.094 GC heap before
{Heap before GC invocations=24 (full 0):
 garbage-first heap   total 106496K, used 77618K [0x0000000080000000, 0x0000000100000000)
  region size 1024K, 29 young (29696K), 4 survivors (4096K)
 Metaspace       used 72108K, committed 72704K, reserved 1114112K
  class space    used 9589K, committed 9856K, reserved 1048576K
}
Event: 15.104 GC heap after
{Heap after GC invocations=25 (full 0):
 garbage-first heap   total 106496K, used 54855K [0x0000000080000000, 0x0000000100000000)
  region size 1024K, 4 young (4096K), 4 survivors (4096K)
 Metaspace       used 72108K, committed 72704K, reserved 1114112K
  class space    used 9589K, committed 9856K, reserved 1048576K
}
Event: 15.748 GC heap before
{Heap before GC invocations=25 (full 0):
 garbage-first heap   total 106496K, used 79431K [0x0000000080000000, 0x0000000100000000)
  region size 1024K, 29 young (29696K), 4 survivors (4096K)
 Metaspace       used 73959K, committed 74496K, reserved 1114112K
  class space    used 9840K, committed 10112K, reserved 1048576K
}
Event: 15.755 GC heap after
{Heap after GC invocations=26 (full 0):
 garbage-first heap   total 132096K, used 56874K [0x0000000080000000, 0x0000000100000000)
  region size 1024K, 4 young (4096K), 4 survivors (4096K)
 Metaspace       used 73959K, committed 74496K, reserved 1114112K
  class space    used 9840K, committed 10112K, reserved 1048576K
}
Event: 16.883 GC heap before
{Heap before GC invocations=27 (full 0):
 garbage-first heap   total 132096K, used 99882K [0x0000000080000000, 0x0000000100000000)
  region size 1024K, 46 young (47104K), 4 survivors (4096K)
 Metaspace       used 78943K, committed 79552K, reserved 1122304K
  class space    used 10719K, committed 11008K, reserved 1048576K
}
Event: 16.894 GC heap after
{Heap after GC invocations=28 (full 0):
 garbage-first heap   total 132096K, used 59365K [0x0000000080000000, 0x0000000100000000)
  region size 1024K, 5 young (5120K), 5 survivors (5120K)
 Metaspace       used 78943K, committed 79552K, reserved 1122304K
  class space    used 10719K, committed 11008K, reserved 1048576K
}
Event: 16.960 GC heap before
{Heap before GC invocations=28 (full 0):
 garbage-first heap   total 132096K, used 60389K [0x0000000080000000, 0x0000000100000000)
  region size 1024K, 6 young (6144K), 5 survivors (5120K)
 Metaspace       used 79030K, committed 79616K, reserved 1122304K
  class space    used 10728K, committed 11008K, reserved 1048576K
}
Event: 16.968 GC heap after
{Heap after GC invocations=29 (full 0):
 garbage-first heap   total 132096K, used 59646K [0x0000000080000000, 0x0000000100000000)
  region size 1024K, 1 young (1024K), 1 survivors (1024K)
 Metaspace       used 79030K, committed 79616K, reserved 1122304K
  class space    used 10728K, committed 11008K, reserved 1048576K
}
Event: 19.032 GC heap before
{Heap before GC invocations=29 (full 0):
 garbage-first heap   total 132096K, used 103678K [0x0000000080000000, 0x0000000100000000)
  region size 1024K, 44 young (45056K), 1 survivors (1024K)
 Metaspace       used 83932K, committed 84480K, reserved 1122304K
  class space    used 11487K, committed 11712K, reserved 1048576K
}
Event: 19.042 GC heap after
{Heap after GC invocations=30 (full 0):
 garbage-first heap   total 132096K, used 61979K [0x0000000080000000, 0x0000000100000000)
  region size 1024K, 3 young (3072K), 3 survivors (3072K)
 Metaspace       used 83932K, committed 84480K, reserved 1122304K
  class space    used 11487K, committed 11712K, reserved 1048576K
}
Event: 20.743 GC heap before
{Heap before GC invocations=30 (full 0):
 garbage-first heap   total 132096K, used 104987K [0x0000000080000000, 0x0000000100000000)
  region size 1024K, 45 young (46080K), 3 survivors (3072K)
 Metaspace       used 87881K, committed 88448K, reserved 1130496K
  class space    used 12004K, committed 12288K, reserved 1048576K
}
Event: 20.754 GC heap after
{Heap after GC invocations=31 (full 0):
 garbage-first heap   total 132096K, used 66356K [0x0000000080000000, 0x0000000100000000)
  region size 1024K, 6 young (6144K), 6 survivors (6144K)
 Metaspace       used 87881K, committed 88448K, reserved 1130496K
  class space    used 12004K, committed 12288K, reserved 1048576K
}
Event: 21.497 GC heap before
{Heap before GC invocations=31 (full 0):
 garbage-first heap   total 132096K, used 106292K [0x0000000080000000, 0x0000000100000000)
  region size 1024K, 45 young (46080K), 6 survivors (6144K)
 Metaspace       used 88594K, committed 89280K, reserved 1130496K
  class space    used 12126K, committed 12416K, reserved 1048576K
}
Event: 21.515 GC heap after
{Heap after GC invocations=32 (full 0):
 garbage-first heap   total 132096K, used 72686K [0x0000000080000000, 0x0000000100000000)
  region size 1024K, 6 young (6144K), 6 survivors (6144K)
 Metaspace       used 88594K, committed 89280K, reserved 1130496K
  class space    used 12126K, committed 12416K, reserved 1048576K
}
Event: 22.753 GC heap before
{Heap before GC invocations=33 (full 0):
 garbage-first heap   total 132096K, used 105454K [0x0000000080000000, 0x0000000100000000)
  region size 1024K, 39 young (39936K), 6 survivors (6144K)
 Metaspace       used 90035K, committed 90688K, reserved 1130496K
  class space    used 12407K, committed 12672K, reserved 1048576K
}
Event: 22.771 GC heap after
{Heap after GC invocations=34 (full 0):
 garbage-first heap   total 132096K, used 77632K [0x0000000080000000, 0x0000000100000000)
  region size 1024K, 5 young (5120K), 5 survivors (5120K)
 Metaspace       used 90035K, committed 90688K, reserved 1130496K
  class space    used 12407K, committed 12672K, reserved 1048576K
}
Event: 22.790 GC heap before
{Heap before GC invocations=34 (full 0):
 garbage-first heap   total 132096K, used 78656K [0x0000000080000000, 0x0000000100000000)
  region size 1024K, 6 young (6144K), 5 survivors (5120K)
 Metaspace       used 90037K, committed 90688K, reserved 1130496K
  class space    used 12407K, committed 12672K, reserved 1048576K
}
Event: 22.801 GC heap after
{Heap after GC invocations=35 (full 0):
 garbage-first heap   total 132096K, used 77406K [0x0000000080000000, 0x0000000100000000)
  region size 1024K, 1 young (1024K), 1 survivors (1024K)
 Metaspace       used 90037K, committed 90688K, reserved 1130496K
  class space    used 12407K, committed 12672K, reserved 1048576K
}
Event: 23.578 GC heap before
{Heap before GC invocations=35 (full 0):
 garbage-first heap   total 132096K, used 106078K [0x0000000080000000, 0x0000000100000000)
  region size 1024K, 30 young (30720K), 1 survivors (1024K)
 Metaspace       used 90257K, committed 90944K, reserved 1130496K
  class space    used 12416K, committed 12736K, reserved 1048576K
}

