# JRE version: OpenJDK Runtime Environment (17.0.6) (build 17.0.6+0-b2043.56-10027231)
# Java VM: OpenJDK 64-Bit Server VM (17.0.6+0-b2043.56-10027231, mixed mode, tiered, compressed oops, compressed class ptrs, g1 gc, windows-amd64)
GC Precious Log:
 CPUs: 8 total, 8 available
 Memory: 16194M
 Large Page Support: Disabled
 NUMA Support: Disabled
 Compressed Oops: Enabled (32-bit)
 Heap Region Size: 1M
 Heap Min Capacity: 8M
 Heap Initial Capacity: 254M
 Heap Max Capacity: 2G
 Pre-touch: Disabled
 Parallel Workers: 8
 Concurrent Workers: 2
 Concurrent Refinement Workers: 8
 Periodic GC: Disabled
Heap:
 garbage-first heap   total 82944K, used 48301K [0x0000000080000000, 0x0000000100000000)
  region size 1024K, 5 young (5120K), 2 survivors (2048K)
 Metaspace       used 60334K, committed 60864K, reserved 1105920K
  class space    used 8059K, committed 8320K, reserved 1048576K
GC Heap History (20 events):
Event: 7.504 GC heap before
{Heap before GC invocations=11 (full 0):
 garbage-first heap   total 68608K, used 51437K [0x0000000080000000, 0x0000000100000000)
  region size 1024K, 24 young (24576K), 3 survivors (3072K)
 Metaspace       used 45001K, committed 45504K, reserved 1089536K
  class space    used 5857K, committed 6080K, reserved 1048576K
}
Event: 7.509 GC heap after
{Heap after GC invocations=12 (full 0):
 garbage-first heap   total 68608K, used 31150K [0x0000000080000000, 0x0000000100000000)
  region size 1024K, 2 young (2048K), 2 survivors (2048K)
 Metaspace       used 45001K, committed 45504K, reserved 1089536K
  class space    used 5857K, committed 6080K, reserved 1048576K
}
Event: 8.007 GC heap before
{Heap before GC invocations=12 (full 0):
 garbage-first heap   total 68608K, used 52654K [0x0000000080000000, 0x0000000100000000)
  region size 1024K, 23 young (23552K), 2 survivors (2048K)
 Metaspace       used 47646K, committed 48128K, reserved 1097728K
  class space    used 6303K, committed 6528K, reserved 1048576K
}
Event: 8.010 GC heap after
{Heap after GC invocations=13 (full 0):
 garbage-first heap   total 68608K, used 32567K [0x0000000080000000, 0x0000000100000000)
  region size 1024K, 3 young (3072K), 3 survivors (3072K)
 Metaspace       used 47646K, committed 48128K, reserved 1097728K
  class space    used 6303K, committed 6528K, reserved 1048576K
}
Event: 8.412 GC heap before
{Heap before GC invocations=13 (full 0):
 garbage-first heap   total 68608K, used 53047K [0x0000000080000000, 0x0000000100000000)
  region size 1024K, 23 young (23552K), 3 survivors (3072K)
 Metaspace       used 50598K, committed 51008K, reserved 1097728K
  class space    used 6783K, committed 6976K, reserved 1048576K
}
Event: 8.416 GC heap after
{Heap after GC invocations=14 (full 0):
 garbage-first heap   total 68608K, used 33615K [0x0000000080000000, 0x0000000100000000)
  region size 1024K, 3 young (3072K), 3 survivors (3072K)
 Metaspace       used 50598K, committed 51008K, reserved 1097728K
  class space    used 6783K, committed 6976K, reserved 1048576K
}
Event: 9.322 GC heap before
{Heap before GC invocations=14 (full 0):
 garbage-first heap   total 68608K, used 54095K [0x0000000080000000, 0x0000000100000000)
  region size 1024K, 23 young (23552K), 3 survivors (3072K)
 Metaspace       used 52686K, committed 53120K, reserved 1097728K
  class space    used 7047K, committed 7232K, reserved 1048576K
}
Event: 9.327 GC heap after
{Heap after GC invocations=15 (full 0):
 garbage-first heap   total 68608K, used 35308K [0x0000000080000000, 0x0000000100000000)
  region size 1024K, 3 young (3072K), 3 survivors (3072K)
 Metaspace       used 52686K, committed 53120K, reserved 1097728K
  class space    used 7047K, committed 7232K, reserved 1048576K
}
Event: 9.837 GC heap before
{Heap before GC invocations=16 (full 0):
 garbage-first heap   total 68608K, used 54764K [0x0000000080000000, 0x0000000100000000)
  region size 1024K, 22 young (22528K), 3 survivors (3072K)
 Metaspace       used 53257K, committed 53760K, reserved 1097728K
  class space    used 7150K, committed 7360K, reserved 1048576K
}
Event: 9.842 GC heap after
{Heap after GC invocations=17 (full 0):
 garbage-first heap   total 82944K, used 36994K [0x0000000080000000, 0x0000000100000000)
  region size 1024K, 3 young (3072K), 3 survivors (3072K)
 Metaspace       used 53257K, committed 53760K, reserved 1097728K
  class space    used 7150K, committed 7360K, reserved 1048576K
}
Event: 9.888 GC heap before
{Heap before GC invocations=17 (full 0):
 garbage-first heap   total 82944K, used 39042K [0x0000000080000000, 0x0000000100000000)
  region size 1024K, 5 young (5120K), 3 survivors (3072K)
 Metaspace       used 53298K, committed 53760K, reserved 1097728K
  class space    used 7151K, committed 7360K, reserved 1048576K
}
Event: 9.891 GC heap after
{Heap after GC invocations=18 (full 0):
 garbage-first heap   total 82944K, used 38145K [0x0000000080000000, 0x0000000100000000)
  region size 1024K, 3 young (3072K), 3 survivors (3072K)
 Metaspace       used 53298K, committed 53760K, reserved 1097728K
  class space    used 7151K, committed 7360K, reserved 1048576K
}
Event: 9.939 GC heap before
{Heap before GC invocations=18 (full 0):
 garbage-first heap   total 82944K, used 40193K [0x0000000080000000, 0x0000000100000000)
  region size 1024K, 5 young (5120K), 3 survivors (3072K)
 Metaspace       used 53382K, committed 53824K, reserved 1097728K
  class space    used 7159K, committed 7360K, reserved 1048576K
}
Event: 9.943 GC heap after
{Heap after GC invocations=19 (full 0):
 garbage-first heap   total 82944K, used 40356K [0x0000000080000000, 0x0000000100000000)
  region size 1024K, 2 young (2048K), 2 survivors (2048K)
 Metaspace       used 53382K, committed 53824K, reserved 1097728K
  class space    used 7159K, committed 7360K, reserved 1048576K
}
Event: 10.472 GC heap before
{Heap before GC invocations=20 (full 0):
 garbage-first heap   total 82944K, used 59812K [0x0000000080000000, 0x0000000100000000)
  region size 1024K, 20 young (20480K), 2 survivors (2048K)
 Metaspace       used 55110K, committed 55616K, reserved 1097728K
  class space    used 7390K, committed 7616K, reserved 1048576K
}
Event: 10.476 GC heap after
{Heap after GC invocations=21 (full 0):
 garbage-first heap   total 82944K, used 45000K [0x0000000080000000, 0x0000000100000000)
  region size 1024K, 3 young (3072K), 3 survivors (3072K)
 Metaspace       used 55110K, committed 55616K, reserved 1097728K
  class space    used 7390K, committed 7616K, reserved 1048576K
}
Event: 11.040 GC heap before
{Heap before GC invocations=21 (full 0):
 garbage-first heap   total 82944K, used 61384K [0x0000000080000000, 0x0000000100000000)
  region size 1024K, 19 young (19456K), 3 survivors (3072K)
 Metaspace       used 57394K, committed 57920K, reserved 1105920K
  class space    used 7694K, committed 7936K, reserved 1048576K
}
Event: 11.043 GC heap after
{Heap after GC invocations=22 (full 0):
 garbage-first heap   total 82944K, used 45954K [0x0000000080000000, 0x0000000100000000)
  region size 1024K, 1 young (1024K), 1 survivors (1024K)
 Metaspace       used 57394K, committed 57920K, reserved 1105920K
  class space    used 7694K, committed 7936K, reserved 1048576K
}
Event: 11.566 GC heap before
{Heap before GC invocations=23 (full 0):
 garbage-first heap   total 82944K, used 61314K [0x0000000080000000, 0x0000000100000000)
  region size 1024K, 17 young (17408K), 1 survivors (1024K)
 Metaspace       used 60076K, committed 60608K, reserved 1105920K
  class space    used 8013K, committed 8256K, reserved 1048576K
}
Event: 11.569 GC heap after
{Heap after GC invocations=24 (full 0):
 garbage-first heap   total 82944K, used 46253K [0x0000000080000000, 0x0000000100000000)
  region size 1024K, 2 young (2048K), 2 survivors (2048K)
 Metaspace       used 60076K, committed 60608K, reserved 1105920K
  class space    used 8013K, committed 8256K, reserved 1048576K
}

