# JRE version: OpenJDK Runtime Environment (17.0.6) (build 17.0.6+0-b2043.56-10027231)
# Java VM: OpenJDK 64-Bit Server VM (17.0.6+0-b2043.56-10027231, mixed mode, tiered, compressed oops, compressed class ptrs, g1 gc, windows-amd64)
GC Precious Log:
 CPUs: 8 total, 8 available
 Memory: 16194M
 Large Page Support: Disabled
 NUMA Support: Disabled
 Compressed Oops: Enabled (32-bit)
 Heap Region Size: 1M
 Heap Min Capacity: 8M
 Heap Initial Capacity: 254M
 Heap Max Capacity: 2G
 Pre-touch: Disabled
 Parallel Workers: 8
 Concurrent Workers: 2
 Concurrent Refinement Workers: 8
 Periodic GC: Disabled
Heap:
 garbage-first heap   total 362496K, used 237716K [0x0000000080000000, 0x0000000100000000)
  region size 1024K, 83 young (84992K), 3 survivors (3072K)
 Metaspace       used 122371K, committed 123136K, reserved 1163264K
  class space    used 16352K, committed 16704K, reserved 1048576K
GC Heap History (20 events):
Event: 16.873 GC heap before
{Heap before GC invocations=35 (full 0):
 garbage-first heap   total 302080K, used 217847K [0x0000000080000000, 0x0000000100000000)
  region size 1024K, 102 young (104448K), 6 survivors (6144K)
 Metaspace       used 103499K, committed 104256K, reserved 1146880K
  class space    used 13763K, committed 14080K, reserved 1048576K
}
Event: 16.886 GC heap after
{Heap after GC invocations=36 (full 0):
 garbage-first heap   total 302080K, used 125013K [0x0000000080000000, 0x0000000100000000)
  region size 1024K, 11 young (11264K), 11 survivors (11264K)
 Metaspace       used 103499K, committed 104256K, reserved 1146880K
  class space    used 13763K, committed 14080K, reserved 1048576K
}
Event: 17.699 GC heap before
{Heap before GC invocations=36 (full 0):
 garbage-first heap   total 302080K, used 228437K [0x0000000080000000, 0x0000000100000000)
  region size 1024K, 113 young (115712K), 11 survivors (11264K)
 Metaspace       used 106552K, committed 107328K, reserved 1146880K
  class space    used 14186K, committed 14592K, reserved 1048576K
}
Event: 17.718 GC heap after
{Heap after GC invocations=37 (full 0):
 garbage-first heap   total 302080K, used 136911K [0x0000000080000000, 0x0000000100000000)
  region size 1024K, 15 young (15360K), 15 survivors (15360K)
 Metaspace       used 106552K, committed 107328K, reserved 1146880K
  class space    used 14186K, committed 14592K, reserved 1048576K
}
Event: 18.581 GC heap before
{Heap before GC invocations=37 (full 0):
 garbage-first heap   total 302080K, used 235215K [0x0000000080000000, 0x0000000100000000)
  region size 1024K, 110 young (112640K), 15 survivors (15360K)
 Metaspace       used 112627K, committed 113408K, reserved 1146880K
  class space    used 15046K, committed 15424K, reserved 1048576K
}
Event: 18.601 GC heap after
{Heap after GC invocations=38 (full 0):
 garbage-first heap   total 302080K, used 143310K [0x0000000080000000, 0x0000000100000000)
  region size 1024K, 10 young (10240K), 10 survivors (10240K)
 Metaspace       used 112627K, committed 113408K, reserved 1146880K
  class space    used 15046K, committed 15424K, reserved 1048576K
}
Event: 19.606 GC heap before
{Heap before GC invocations=38 (full 0):
 garbage-first heap   total 302080K, used 237518K [0x0000000080000000, 0x0000000100000000)
  region size 1024K, 103 young (105472K), 10 survivors (10240K)
 Metaspace       used 118262K, committed 119040K, reserved 1155072K
  class space    used 15963K, committed 16320K, reserved 1048576K
}
Event: 19.632 GC heap after
{Heap after GC invocations=39 (full 0):
 garbage-first heap   total 302080K, used 154576K [0x0000000080000000, 0x0000000100000000)
  region size 1024K, 12 young (12288K), 12 survivors (12288K)
 Metaspace       used 118262K, committed 119040K, reserved 1155072K
  class space    used 15963K, committed 16320K, reserved 1048576K
}
Event: 20.255 GC heap before
{Heap before GC invocations=39 (full 0):
 garbage-first heap   total 302080K, used 239568K [0x0000000080000000, 0x0000000100000000)
  region size 1024K, 95 young (97280K), 12 survivors (12288K)
 Metaspace       used 118807K, committed 119616K, reserved 1155072K
  class space    used 16021K, committed 16384K, reserved 1048576K
}
Event: 20.273 GC heap after
{Heap after GC invocations=40 (full 0):
 garbage-first heap   total 302080K, used 155870K [0x0000000080000000, 0x0000000100000000)
  region size 1024K, 2 young (2048K), 2 survivors (2048K)
 Metaspace       used 118807K, committed 119616K, reserved 1155072K
  class space    used 16021K, committed 16384K, reserved 1048576K
}
Event: 20.959 GC heap before
{Heap before GC invocations=40 (full 0):
 garbage-first heap   total 302080K, used 244958K [0x0000000080000000, 0x0000000100000000)
  region size 1024K, 89 young (91136K), 2 survivors (2048K)
 Metaspace       used 119534K, committed 120384K, reserved 1155072K
  class space    used 16059K, committed 16448K, reserved 1048576K
}
Event: 20.966 GC heap after
{Heap after GC invocations=41 (full 0):
 garbage-first heap   total 362496K, used 154844K [0x0000000080000000, 0x0000000100000000)
  region size 1024K, 1 young (1024K), 1 survivors (1024K)
 Metaspace       used 119534K, committed 120384K, reserved 1155072K
  class space    used 16059K, committed 16448K, reserved 1048576K
}
Event: 21.845 GC heap before
{Heap before GC invocations=41 (full 0):
 garbage-first heap   total 362496K, used 298204K [0x0000000080000000, 0x0000000100000000)
  region size 1024K, 141 young (144384K), 1 survivors (1024K)
 Metaspace       used 119942K, committed 120768K, reserved 1155072K
  class space    used 16065K, committed 16448K, reserved 1048576K
}
Event: 21.851 GC heap after
{Heap after GC invocations=42 (full 0):
 garbage-first heap   total 362496K, used 156385K [0x0000000080000000, 0x0000000100000000)
  region size 1024K, 3 young (3072K), 3 survivors (3072K)
 Metaspace       used 119942K, committed 120768K, reserved 1155072K
  class space    used 16065K, committed 16448K, reserved 1048576K
}
Event: 22.646 GC heap before
{Heap before GC invocations=42 (full 0):
 garbage-first heap   total 362496K, used 304865K [0x0000000080000000, 0x0000000100000000)
  region size 1024K, 148 young (151552K), 3 survivors (3072K)
 Metaspace       used 121583K, committed 122432K, reserved 1155072K
  class space    used 16260K, committed 16640K, reserved 1048576K
}
Event: 22.652 GC heap after
{Heap after GC invocations=43 (full 0):
 garbage-first heap   total 362496K, used 156162K [0x0000000080000000, 0x0000000100000000)
  region size 1024K, 3 young (3072K), 3 survivors (3072K)
 Metaspace       used 121583K, committed 122432K, reserved 1155072K
  class space    used 16260K, committed 16640K, reserved 1048576K
}
Event: 23.530 GC heap before
{Heap before GC invocations=43 (full 0):
 garbage-first heap   total 362496K, used 307714K [0x0000000080000000, 0x0000000100000000)
  region size 1024K, 151 young (154624K), 3 survivors (3072K)
 Metaspace       used 122250K, committed 123008K, reserved 1163264K
  class space    used 16336K, committed 16704K, reserved 1048576K
}
Event: 23.539 GC heap after
{Heap after GC invocations=44 (full 0):
 garbage-first heap   total 362496K, used 156717K [0x0000000080000000, 0x0000000100000000)
  region size 1024K, 3 young (3072K), 3 survivors (3072K)
 Metaspace       used 122250K, committed 123008K, reserved 1163264K
  class space    used 16336K, committed 16704K, reserved 1048576K
}
Event: 24.087 GC heap before
{Heap before GC invocations=44 (full 0):
 garbage-first heap   total 362496K, used 311341K [0x0000000080000000, 0x0000000100000000)
  region size 1024K, 154 young (157696K), 3 survivors (3072K)
 Metaspace       used 122300K, committed 123072K, reserved 1163264K
  class space    used 16338K, committed 16704K, reserved 1048576K
}
Event: 24.094 GC heap after
{Heap after GC invocations=45 (full 0):
 garbage-first heap   total 362496K, used 156820K [0x0000000080000000, 0x0000000100000000)
  region size 1024K, 3 young (3072K), 3 survivors (3072K)
 Metaspace       used 122300K, committed 123072K, reserved 1163264K
  class space    used 16338K, committed 16704K, reserved 1048576K
}

