# JRE version: OpenJDK Runtime Environment (17.0.6) (build 17.0.6+0-b2043.56-10027231)
# Java VM: OpenJDK 64-Bit Server VM (17.0.6+0-b2043.56-10027231, mixed mode, tiered, compressed oops, compressed class ptrs, g1 gc, windows-amd64)
GC Precious Log:
 CPUs: 8 total, 8 available
 Memory: 16194M
 Large Page Support: Disabled
 NUMA Support: Disabled
 Compressed Oops: Enabled (32-bit)
 Heap Region Size: 1M
 Heap Min Capacity: 8M
 Heap Initial Capacity: 254M
 Heap Max Capacity: 2G
 Pre-touch: Disabled
 Parallel Workers: 8
 Concurrent Workers: 2
 Concurrent Refinement Workers: 8
 Periodic GC: Disabled
Heap:
 garbage-first heap   total 464896K, used 149564K [0x0000000080000000, 0x0000000100000000)
  region size 1024K, 6 young (6144K), 6 survivors (6144K)
 Metaspace       used 140713K, committed 142528K, reserved 1179648K
  class space    used 18651K, committed 19520K, reserved 1048576K
GC Heap History (20 events):
Event: 3079.388 GC heap after
{Heap after GC invocations=70 (full 0):
 garbage-first heap   total 464896K, used 106289K [0x0000000080000000, 0x0000000100000000)
  region size 1024K, 3 young (3072K), 3 survivors (3072K)
 Metaspace       used 133745K, committed 135104K, reserved 1171456K
  class space    used 17919K, committed 18560K, reserved 1048576K
}
Event: 3079.690 GC heap before
{Heap before GC invocations=70 (full 0):
 garbage-first heap   total 464896K, used 134961K [0x0000000080000000, 0x0000000100000000)
  region size 1024K, 33 young (33792K), 3 survivors (3072K)
 Metaspace       used 133794K, committed 135104K, reserved 1171456K
  class space    used 17920K, committed 18560K, reserved 1048576K
}
Event: 3079.696 GC heap after
{Heap after GC invocations=71 (full 0):
 garbage-first heap   total 464896K, used 111364K [0x0000000080000000, 0x0000000100000000)
  region size 1024K, 8 young (8192K), 8 survivors (8192K)
 Metaspace       used 133794K, committed 135104K, reserved 1171456K
  class space    used 17920K, committed 18560K, reserved 1048576K
}
Event: 3310.061 GC heap before
{Heap before GC invocations=72 (full 0):
 garbage-first heap   total 419840K, used 382724K [0x0000000080000000, 0x0000000100000000)
  region size 1024K, 246 young (251904K), 8 survivors (8192K)
 Metaspace       used 135386K, committed 137088K, reserved 1171456K
  class space    used 18157K, committed 18944K, reserved 1048576K
}
Event: 3310.071 GC heap after
{Heap after GC invocations=73 (full 0):
 garbage-first heap   total 419840K, used 117992K [0x0000000080000000, 0x0000000100000000)
  region size 1024K, 11 young (11264K), 11 survivors (11264K)
 Metaspace       used 135386K, committed 137088K, reserved 1171456K
  class space    used 18157K, committed 18944K, reserved 1048576K
}
Event: 3310.142 GC heap before
{Heap before GC invocations=73 (full 0):
 garbage-first heap   total 419840K, used 127208K [0x0000000080000000, 0x0000000100000000)
  region size 1024K, 20 young (20480K), 11 survivors (11264K)
 Metaspace       used 135540K, committed 137280K, reserved 1171456K
  class space    used 18182K, committed 19008K, reserved 1048576K
}
Event: 3310.155 GC heap after
{Heap after GC invocations=74 (full 0):
 garbage-first heap   total 419840K, used 111248K [0x0000000080000000, 0x0000000100000000)
  region size 1024K, 3 young (3072K), 3 survivors (3072K)
 Metaspace       used 135540K, committed 137280K, reserved 1171456K
  class space    used 18182K, committed 19008K, reserved 1048576K
}
Event: 3581.098 GC heap before
{Heap before GC invocations=74 (full 0):
 garbage-first heap   total 419840K, used 223888K [0x0000000080000000, 0x0000000100000000)
  region size 1024K, 115 young (117760K), 3 survivors (3072K)
 Metaspace       used 135929K, committed 137728K, reserved 1171456K
  class space    used 18245K, committed 19136K, reserved 1048576K
}
Event: 3581.108 GC heap after
{Heap after GC invocations=75 (full 0):
 garbage-first heap   total 419840K, used 123890K [0x0000000080000000, 0x0000000100000000)
  region size 1024K, 16 young (16384K), 16 survivors (16384K)
 Metaspace       used 135929K, committed 137728K, reserved 1171456K
  class space    used 18245K, committed 19136K, reserved 1048576K
}
Event: 4114.013 GC heap before
{Heap before GC invocations=76 (full 0):
 garbage-first heap   total 419840K, used 339954K [0x0000000080000000, 0x0000000100000000)
  region size 1024K, 203 young (207872K), 16 survivors (16384K)
 Metaspace       used 136214K, committed 138048K, reserved 1171456K
  class space    used 18248K, committed 19136K, reserved 1048576K
}
Event: 4114.034 GC heap after
{Heap after GC invocations=77 (full 0):
 garbage-first heap   total 419840K, used 149059K [0x0000000080000000, 0x0000000100000000)
  region size 1024K, 26 young (26624K), 26 survivors (26624K)
 Metaspace       used 136214K, committed 138048K, reserved 1171456K
  class space    used 18248K, committed 19136K, reserved 1048576K
}
Event: 4114.038 GC heap before
{Heap before GC invocations=77 (full 0):
 garbage-first heap   total 419840K, used 150083K [0x0000000080000000, 0x0000000100000000)
  region size 1024K, 27 young (27648K), 26 survivors (26624K)
 Metaspace       used 136217K, committed 138048K, reserved 1171456K
  class space    used 18248K, committed 19136K, reserved 1048576K
}
Event: 4114.061 GC heap after
{Heap after GC invocations=78 (full 0):
 garbage-first heap   total 419840K, used 145067K [0x0000000080000000, 0x0000000100000000)
  region size 1024K, 4 young (4096K), 4 survivors (4096K)
 Metaspace       used 136217K, committed 138048K, reserved 1171456K
  class space    used 18248K, committed 19136K, reserved 1048576K
}
Event: 4114.161 GC heap before
{Heap before GC invocations=78 (full 0):
 garbage-first heap   total 419840K, used 167595K [0x0000000080000000, 0x0000000100000000)
  region size 1024K, 28 young (28672K), 4 survivors (4096K)
 Metaspace       used 136231K, committed 138048K, reserved 1171456K
  class space    used 18250K, committed 19136K, reserved 1048576K
}
Event: 4114.169 GC heap after
{Heap after GC invocations=79 (full 0):
 garbage-first heap   total 419840K, used 149822K [0x0000000080000000, 0x0000000100000000)
  region size 1024K, 9 young (9216K), 9 survivors (9216K)
 Metaspace       used 136231K, committed 138048K, reserved 1171456K
  class space    used 18250K, committed 19136K, reserved 1048576K
}
Event: 4117.977 GC heap before
{Heap before GC invocations=80 (full 0):
 garbage-first heap   total 419840K, used 320830K [0x0000000080000000, 0x0000000100000000)
  region size 1024K, 160 young (163840K), 9 survivors (9216K)
 Metaspace       used 140643K, committed 142464K, reserved 1179648K
  class space    used 18651K, committed 19520K, reserved 1048576K
}
Event: 4117.993 GC heap after
{Heap after GC invocations=81 (full 0):
 garbage-first heap   total 419840K, used 157189K [0x0000000080000000, 0x0000000100000000)
  region size 1024K, 16 young (16384K), 16 survivors (16384K)
 Metaspace       used 140643K, committed 142464K, reserved 1179648K
  class space    used 18651K, committed 19520K, reserved 1048576K
}
Event: 4118.004 GC heap before
{Heap before GC invocations=81 (full 0):
 garbage-first heap   total 419840K, used 160261K [0x0000000080000000, 0x0000000100000000)
  region size 1024K, 20 young (20480K), 16 survivors (16384K)
 Metaspace       used 140643K, committed 142464K, reserved 1179648K
  class space    used 18651K, committed 19520K, reserved 1048576K
}
Event: 4118.029 GC heap after
{Heap after GC invocations=82 (full 0):
 garbage-first heap   total 419840K, used 146391K [0x0000000080000000, 0x0000000100000000)
  region size 1024K, 2 young (2048K), 2 survivors (2048K)
 Metaspace       used 140643K, committed 142464K, reserved 1179648K
  class space    used 18651K, committed 19520K, reserved 1048576K
}
Event: 4118.218 GC heap before
{Heap before GC invocations=82 (full 0):
 garbage-first heap   total 419840K, used 165847K [0x0000000080000000, 0x0000000100000000)
  region size 1024K, 22 young (22528K), 2 survivors (2048K)
 Metaspace       used 140713K, committed 142528K, reserved 1179648K
  class space    used 18651K, committed 19520K, reserved 1048576K
}

