# JRE version: OpenJDK Runtime Environment (17.0.6) (build 17.0.6+0-b2043.56-10027231)
# Java VM: OpenJDK 64-Bit Server VM (17.0.6+0-b2043.56-10027231, mixed mode, tiered, compressed oops, compressed class ptrs, g1 gc, windows-amd64)
GC Precious Log:
 CPUs: 8 total, 8 available
 Memory: 16194M
 Large Page Support: Disabled
 NUMA Support: Disabled
 Compressed Oops: Enabled (32-bit)
 Heap Region Size: 1M
 Heap Min Capacity: 8M
 Heap Initial Capacity: 254M
 Heap Max Capacity: 2G
 Pre-touch: Disabled
 Parallel Workers: 8
 Concurrent Workers: 2
 Concurrent Refinement Workers: 8
 Periodic GC: Disabled
Heap:
 garbage-first heap   total 260096K, used 112477K [0x0000000080000000, 0x0000000100000000)
  region size 1024K, 5 young (5120K), 5 survivors (5120K)
 Metaspace       used 87953K, committed 88704K, reserved 1130496K
  class space    used 12128K, committed 12480K, reserved 1048576K
GC Heap History (20 events):
Event: 5.806 GC heap after
{Heap after GC invocations=31 (full 0):
 garbage-first heap   total 135168K, used 81135K [0x0000000080000000, 0x0000000100000000)
  region size 1024K, 5 young (5120K), 5 survivors (5120K)
 Metaspace       used 56150K, committed 56768K, reserved 1105920K
  class space    used 7570K, committed 7872K, reserved 1048576K
}
Event: 5.981 GC heap before
{Heap before GC invocations=32 (full 0):
 garbage-first heap   total 145408K, used 102639K [0x0000000080000000, 0x0000000100000000)
  region size 1024K, 25 young (25600K), 5 survivors (5120K)
 Metaspace       used 58595K, committed 59200K, reserved 1105920K
  class space    used 7904K, committed 8192K, reserved 1048576K
}
Event: 5.983 GC heap after
{Heap after GC invocations=33 (full 0):
 garbage-first heap   total 175104K, used 83085K [0x0000000080000000, 0x0000000100000000)
  region size 1024K, 2 young (2048K), 2 survivors (2048K)
 Metaspace       used 58595K, committed 59200K, reserved 1105920K
  class space    used 7904K, committed 8192K, reserved 1048576K
}
Event: 6.484 GC heap before
{Heap before GC invocations=33 (full 0):
 garbage-first heap   total 175104K, used 119949K [0x0000000080000000, 0x0000000100000000)
  region size 1024K, 38 young (38912K), 2 survivors (2048K)
 Metaspace       used 64629K, committed 65344K, reserved 1105920K
  class space    used 8685K, committed 9024K, reserved 1048576K
}
Event: 6.488 GC heap after
{Heap after GC invocations=34 (full 0):
 garbage-first heap   total 175104K, used 84581K [0x0000000080000000, 0x0000000100000000)
  region size 1024K, 4 young (4096K), 4 survivors (4096K)
 Metaspace       used 64629K, committed 65344K, reserved 1105920K
  class space    used 8685K, committed 9024K, reserved 1048576K
}
Event: 6.846 GC heap before
{Heap before GC invocations=35 (full 0):
 garbage-first heap   total 175104K, used 130661K [0x0000000080000000, 0x0000000100000000)
  region size 1024K, 43 young (44032K), 4 survivors (4096K)
 Metaspace       used 68314K, committed 68992K, reserved 1114112K
  class space    used 9143K, committed 9472K, reserved 1048576K
}
Event: 6.850 GC heap after
{Heap after GC invocations=36 (full 0):
 garbage-first heap   total 175104K, used 88834K [0x0000000080000000, 0x0000000100000000)
  region size 1024K, 6 young (6144K), 6 survivors (6144K)
 Metaspace       used 68314K, committed 68992K, reserved 1114112K
  class space    used 9143K, committed 9472K, reserved 1048576K
}
Event: 6.868 GC heap before
{Heap before GC invocations=36 (full 0):
 garbage-first heap   total 175104K, used 90882K [0x0000000080000000, 0x0000000100000000)
  region size 1024K, 8 young (8192K), 6 survivors (6144K)
 Metaspace       used 68467K, committed 69120K, reserved 1114112K
  class space    used 9162K, committed 9472K, reserved 1048576K
}
Event: 6.872 GC heap after
{Heap after GC invocations=37 (full 0):
 garbage-first heap   total 175104K, used 89148K [0x0000000080000000, 0x0000000100000000)
  region size 1024K, 1 young (1024K), 1 survivors (1024K)
 Metaspace       used 68467K, committed 69120K, reserved 1114112K
  class space    used 9162K, committed 9472K, reserved 1048576K
}
Event: 7.300 GC heap before
{Heap before GC invocations=37 (full 0):
 garbage-first heap   total 175104K, used 129084K [0x0000000080000000, 0x0000000100000000)
  region size 1024K, 40 young (40960K), 1 survivors (1024K)
 Metaspace       used 73519K, committed 74176K, reserved 1114112K
  class space    used 9851K, committed 10176K, reserved 1048576K
}
Event: 7.303 GC heap after
{Heap after GC invocations=38 (full 0):
 garbage-first heap   total 175104K, used 90732K [0x0000000080000000, 0x0000000100000000)
  region size 1024K, 3 young (3072K), 3 survivors (3072K)
 Metaspace       used 73519K, committed 74176K, reserved 1114112K
  class space    used 9851K, committed 10176K, reserved 1048576K
}
Event: 7.722 GC heap before
{Heap before GC invocations=39 (full 0):
 garbage-first heap   total 175104K, used 130668K [0x0000000080000000, 0x0000000100000000)
  region size 1024K, 43 young (44032K), 3 survivors (3072K)
 Metaspace       used 78326K, committed 79040K, reserved 1122304K
  class space    used 10451K, committed 10816K, reserved 1048576K
}
Event: 7.727 GC heap after
{Heap after GC invocations=40 (full 0):
 garbage-first heap   total 175104K, used 93262K [0x0000000080000000, 0x0000000100000000)
  region size 1024K, 5 young (5120K), 5 survivors (5120K)
 Metaspace       used 78326K, committed 79040K, reserved 1122304K
  class space    used 10451K, committed 10816K, reserved 1048576K
}
Event: 7.792 GC heap before
{Heap before GC invocations=40 (full 0):
 garbage-first heap   total 175104K, used 98382K [0x0000000080000000, 0x0000000100000000)
  region size 1024K, 11 young (11264K), 5 survivors (5120K)
 Metaspace       used 79369K, committed 80064K, reserved 1122304K
  class space    used 10585K, committed 10944K, reserved 1048576K
}
Event: 7.796 GC heap after
{Heap after GC invocations=41 (full 0):
 garbage-first heap   total 175104K, used 93682K [0x0000000080000000, 0x0000000100000000)
  region size 1024K, 3 young (3072K), 3 survivors (3072K)
 Metaspace       used 79369K, committed 80064K, reserved 1122304K
  class space    used 10585K, committed 10944K, reserved 1048576K
}
Event: 8.323 GC heap before
{Heap before GC invocations=42 (full 0):
 garbage-first heap   total 176128K, used 144882K [0x0000000080000000, 0x0000000100000000)
  region size 1024K, 49 young (50176K), 3 survivors (3072K)
 Metaspace       used 87710K, committed 88512K, reserved 1130496K
  class space    used 12118K, committed 12480K, reserved 1048576K
}
Event: 8.327 GC heap after
{Heap after GC invocations=43 (full 0):
 garbage-first heap   total 176128K, used 99027K [0x0000000080000000, 0x0000000100000000)
  region size 1024K, 5 young (5120K), 5 survivors (5120K)
 Metaspace       used 87710K, committed 88512K, reserved 1130496K
  class space    used 12118K, committed 12480K, reserved 1048576K
}
Event: 8.355 GC heap before
{Heap before GC invocations=43 (full 0):
 garbage-first heap   total 176128K, used 107219K [0x0000000080000000, 0x0000000100000000)
  region size 1024K, 8 young (8192K), 5 survivors (5120K)
 Metaspace       used 87785K, committed 88576K, reserved 1130496K
  class space    used 12123K, committed 12480K, reserved 1048576K
}
Event: 8.358 GC heap after
{Heap after GC invocations=44 (full 0):
 garbage-first heap   total 176128K, used 106235K [0x0000000080000000, 0x0000000100000000)
  region size 1024K, 1 young (1024K), 1 survivors (1024K)
 Metaspace       used 87785K, committed 88576K, reserved 1130496K
  class space    used 12123K, committed 12480K, reserved 1048576K
}
Event: 8.639 GC heap before
{Heap before GC invocations=44 (full 0):
 garbage-first heap   total 176128K, used 143099K [0x0000000080000000, 0x0000000100000000)
  region size 1024K, 38 young (38912K), 1 survivors (1024K)
 Metaspace       used 87953K, committed 88704K, reserved 1130496K
  class space    used 12128K, committed 12480K, reserved 1048576K
}

