# JRE version: OpenJDK Runtime Environment (17.0.6) (build 17.0.6+0-b2043.56-10027231)
# Java VM: OpenJDK 64-Bit Server VM (17.0.6+0-b2043.56-10027231, mixed mode, tiered, compressed oops, compressed class ptrs, g1 gc, windows-amd64)
GC Precious Log:
 CPUs: 8 total, 8 available
 Memory: 16194M
 Large Page Support: Disabled
 NUMA Support: Disabled
 Compressed Oops: Enabled (32-bit)
 Heap Region Size: 1M
 Heap Min Capacity: 8M
 Heap Initial Capacity: 254M
 Heap Max Capacity: 2G
 Pre-touch: Disabled
 Parallel Workers: 8
 Concurrent Workers: 2
 Concurrent Refinement Workers: 8
 Periodic GC: Disabled
Heap:
 garbage-first heap   total 268288K, used 185976K [0x0000000080000000, 0x0000000100000000)
  region size 1024K, 7 young (7168K), 7 survivors (7168K)
 Metaspace       used 106896K, committed 107520K, reserved 1146880K
  class space    used 14235K, committed 14528K, reserved 1048576K
GC Heap History (20 events):
Event: 22.292 GC heap after
{Heap after GC invocations=38 (full 0):
 garbage-first heap   total 122880K, used 70204K [0x0000000080000000, 0x0000000100000000)
  region size 1024K, 1 young (1024K), 1 survivors (1024K)
 Metaspace       used 87939K, committed 88640K, reserved 1130496K
  class space    used 12013K, committed 12352K, reserved 1048576K
}
Event: 23.525 GC heap before
{Heap before GC invocations=38 (full 0):
 garbage-first heap   total 122880K, used 99900K [0x0000000080000000, 0x0000000100000000)
  region size 1024K, 30 young (30720K), 1 survivors (1024K)
 Metaspace       used 89429K, committed 90048K, reserved 1130496K
  class space    used 12270K, committed 12544K, reserved 1048576K
}
Event: 23.539 GC heap after
{Heap after GC invocations=39 (full 0):
 garbage-first heap   total 122880K, used 73758K [0x0000000080000000, 0x0000000100000000)
  region size 1024K, 4 young (4096K), 4 survivors (4096K)
 Metaspace       used 89429K, committed 90048K, reserved 1130496K
  class space    used 12270K, committed 12544K, reserved 1048576K
}
Event: 24.269 GC heap before
{Heap before GC invocations=40 (full 0):
 garbage-first heap   total 132096K, used 98334K [0x0000000080000000, 0x0000000100000000)
  region size 1024K, 29 young (29696K), 4 survivors (4096K)
 Metaspace       used 90011K, committed 90752K, reserved 1130496K
  class space    used 12406K, committed 12736K, reserved 1048576K
}
Event: 24.280 GC heap after
{Heap after GC invocations=41 (full 0):
 garbage-first heap   total 132096K, used 76830K [0x0000000080000000, 0x0000000100000000)
  region size 1024K, 3 young (3072K), 3 survivors (3072K)
 Metaspace       used 90011K, committed 90752K, reserved 1130496K
  class space    used 12406K, committed 12736K, reserved 1048576K
}
Event: 24.310 GC heap before
{Heap before GC invocations=41 (full 0):
 garbage-first heap   total 132096K, used 79902K [0x0000000080000000, 0x0000000100000000)
  region size 1024K, 6 young (6144K), 3 survivors (3072K)
 Metaspace       used 90019K, committed 90752K, reserved 1130496K
  class space    used 12406K, committed 12736K, reserved 1048576K
}
Event: 24.318 GC heap after
{Heap after GC invocations=42 (full 0):
 garbage-first heap   total 268288K, used 77055K [0x0000000080000000, 0x0000000100000000)
  region size 1024K, 1 young (1024K), 1 survivors (1024K)
 Metaspace       used 90019K, committed 90752K, reserved 1130496K
  class space    used 12406K, committed 12736K, reserved 1048576K
}
Event: 29.035 GC heap before
{Heap before GC invocations=42 (full 0):
 garbage-first heap   total 268288K, used 222463K [0x0000000080000000, 0x0000000100000000)
  region size 1024K, 126 young (129024K), 1 survivors (1024K)
 Metaspace       used 94658K, committed 95360K, reserved 1138688K
  class space    used 12857K, committed 13184K, reserved 1048576K
}
Event: 29.071 GC heap after
{Heap after GC invocations=43 (full 0):
 garbage-first heap   total 268288K, used 108687K [0x0000000080000000, 0x0000000100000000)
  region size 1024K, 16 young (16384K), 16 survivors (16384K)
 Metaspace       used 94658K, committed 95360K, reserved 1138688K
  class space    used 12857K, committed 13184K, reserved 1048576K
}
Event: 30.162 GC heap before
{Heap before GC invocations=43 (full 0):
 garbage-first heap   total 268288K, used 190607K [0x0000000080000000, 0x0000000100000000)
  region size 1024K, 80 young (81920K), 16 survivors (16384K)
 Metaspace       used 98008K, committed 98752K, reserved 1138688K
  class space    used 13202K, committed 13568K, reserved 1048576K
}
Event: 30.195 GC heap after
{Heap after GC invocations=44 (full 0):
 garbage-first heap   total 268288K, used 117025K [0x0000000080000000, 0x0000000100000000)
  region size 1024K, 8 young (8192K), 8 survivors (8192K)
 Metaspace       used 98008K, committed 98752K, reserved 1138688K
  class space    used 13202K, committed 13568K, reserved 1048576K
}
Event: 30.970 GC heap before
{Heap before GC invocations=44 (full 0):
 garbage-first heap   total 268288K, used 182561K [0x0000000080000000, 0x0000000100000000)
  region size 1024K, 73 young (74752K), 8 survivors (8192K)
 Metaspace       used 100262K, committed 100928K, reserved 1138688K
  class space    used 13419K, committed 13760K, reserved 1048576K
}
Event: 30.984 GC heap after
{Heap after GC invocations=45 (full 0):
 garbage-first heap   total 268288K, used 118045K [0x0000000080000000, 0x0000000100000000)
  region size 1024K, 4 young (4096K), 4 survivors (4096K)
 Metaspace       used 100262K, committed 100928K, reserved 1138688K
  class space    used 13419K, committed 13760K, reserved 1048576K
}
Event: 31.704 GC heap before
{Heap before GC invocations=45 (full 0):
 garbage-first heap   total 268288K, used 192797K [0x0000000080000000, 0x0000000100000000)
  region size 1024K, 78 young (79872K), 4 survivors (4096K)
 Metaspace       used 101078K, committed 101760K, reserved 1138688K
  class space    used 13472K, committed 13824K, reserved 1048576K
}
Event: 31.721 GC heap after
{Heap after GC invocations=46 (full 0):
 garbage-first heap   total 268288K, used 125004K [0x0000000080000000, 0x0000000100000000)
  region size 1024K, 10 young (10240K), 10 survivors (10240K)
 Metaspace       used 101078K, committed 101760K, reserved 1138688K
  class space    used 13472K, committed 13824K, reserved 1048576K
}
Event: 33.015 GC heap before
{Heap before GC invocations=46 (full 0):
 garbage-first heap   total 268288K, used 211020K [0x0000000080000000, 0x0000000100000000)
  region size 1024K, 83 young (84992K), 10 survivors (10240K)
 Metaspace       used 104441K, committed 105152K, reserved 1146880K
  class space    used 13907K, committed 14208K, reserved 1048576K
}
Event: 33.033 GC heap after
{Heap after GC invocations=47 (full 0):
 garbage-first heap   total 268288K, used 142588K [0x0000000080000000, 0x0000000100000000)
  region size 1024K, 8 young (8192K), 8 survivors (8192K)
 Metaspace       used 104441K, committed 105152K, reserved 1146880K
  class space    used 13907K, committed 14208K, reserved 1048576K
}
Event: 33.732 GC heap before
{Heap before GC invocations=47 (full 0):
 garbage-first heap   total 268288K, used 237820K [0x0000000080000000, 0x0000000100000000)
  region size 1024K, 72 young (73728K), 8 survivors (8192K)
 Metaspace       used 105562K, committed 106304K, reserved 1146880K
  class space    used 14045K, committed 14400K, reserved 1048576K
}
Event: 33.755 GC heap after
{Heap after GC invocations=48 (full 0):
 garbage-first heap   total 268288K, used 170203K [0x0000000080000000, 0x0000000100000000)
  region size 1024K, 9 young (9216K), 9 survivors (9216K)
 Metaspace       used 105562K, committed 106304K, reserved 1146880K
  class space    used 14045K, committed 14400K, reserved 1048576K
}
Event: 34.435 GC heap before
{Heap before GC invocations=48 (full 0):
 garbage-first heap   total 268288K, used 216283K [0x0000000080000000, 0x0000000100000000)
  region size 1024K, 53 young (54272K), 9 survivors (9216K)
 Metaspace       used 106896K, committed 107520K, reserved 1146880K
  class space    used 14235K, committed 14528K, reserved 1048576K
}

