# JRE version: OpenJDK Runtime Environment (17.0.6) (build 17.0.6+0-b2043.56-10027231)
# Java VM: OpenJDK 64-Bit Server VM (17.0.6+0-b2043.56-10027231, mixed mode, tiered, compressed oops, compressed class ptrs, g1 gc, windows-amd64)
GC Precious Log:
 CPUs: 8 total, 8 available
 Memory: 16194M
 Large Page Support: Disabled
 NUMA Support: Disabled
 Compressed Oops: Enabled (32-bit)
 Heap Region Size: 1M
 Heap Min Capacity: 8M
 Heap Initial Capacity: 254M
 Heap Max Capacity: 2G
 Pre-touch: Disabled
 Parallel Workers: 8
 Concurrent Workers: 2
 Concurrent Refinement Workers: 8
 Periodic GC: Disabled
Heap:
 garbage-first heap   total 260096K, used 131640K [0x0000000080000000, 0x0000000100000000)
  region size 1024K, 5 young (5120K), 5 survivors (5120K)
 Metaspace       used 95488K, committed 96256K, reserved 1138688K
  class space    used 13041K, committed 13376K, reserved 1048576K
GC Heap History (20 events):
Event: 8.632 GC heap after
{Heap after GC invocations=26 (full 0):
 garbage-first heap   total 147456K, used 88050K [0x0000000080000000, 0x0000000100000000)
  region size 1024K, 4 young (4096K), 4 survivors (4096K)
 Metaspace       used 70506K, committed 71232K, reserved 1114112K
  class space    used 9915K, committed 10240K, reserved 1048576K
}
Event: 8.670 GC heap before
{Heap before GC invocations=26 (full 0):
 garbage-first heap   total 147456K, used 91122K [0x0000000080000000, 0x0000000100000000)
  region size 1024K, 7 young (7168K), 4 survivors (4096K)
 Metaspace       used 70834K, committed 71552K, reserved 1114112K
  class space    used 9977K, committed 10304K, reserved 1048576K
}
Event: 8.675 GC heap after
{Heap after GC invocations=27 (full 0):
 garbage-first heap   total 177152K, used 88296K [0x0000000080000000, 0x0000000100000000)
  region size 1024K, 1 young (1024K), 1 survivors (1024K)
 Metaspace       used 70834K, committed 71552K, reserved 1114112K
  class space    used 9977K, committed 10304K, reserved 1048576K
}
Event: 9.591 GC heap before
{Heap before GC invocations=27 (full 0):
 garbage-first heap   total 177152K, used 130280K [0x0000000080000000, 0x0000000100000000)
  region size 1024K, 42 young (43008K), 1 survivors (1024K)
 Metaspace       used 75247K, committed 75968K, reserved 1114112K
  class space    used 10558K, committed 10880K, reserved 1048576K
}
Event: 9.597 GC heap after
{Heap after GC invocations=28 (full 0):
 garbage-first heap   total 177152K, used 90363K [0x0000000080000000, 0x0000000100000000)
  region size 1024K, 3 young (3072K), 3 survivors (3072K)
 Metaspace       used 75247K, committed 75968K, reserved 1114112K
  class space    used 10558K, committed 10880K, reserved 1048576K
}
Event: 10.690 GC heap before
{Heap before GC invocations=29 (full 0):
 garbage-first heap   total 177152K, used 132347K [0x0000000080000000, 0x0000000100000000)
  region size 1024K, 45 young (46080K), 3 survivors (3072K)
 Metaspace       used 79975K, committed 80704K, reserved 1122304K
  class space    used 11173K, committed 11520K, reserved 1048576K
}
Event: 10.699 GC heap after
{Heap after GC invocations=30 (full 0):
 garbage-first heap   total 177152K, used 93669K [0x0000000080000000, 0x0000000100000000)
  region size 1024K, 6 young (6144K), 6 survivors (6144K)
 Metaspace       used 79975K, committed 80704K, reserved 1122304K
  class space    used 11173K, committed 11520K, reserved 1048576K
}
Event: 11.254 GC heap before
{Heap before GC invocations=30 (full 0):
 garbage-first heap   total 177152K, used 111077K [0x0000000080000000, 0x0000000100000000)
  region size 1024K, 24 young (24576K), 6 survivors (6144K)
 Metaspace       used 82856K, committed 83584K, reserved 1122304K
  class space    used 11530K, committed 11840K, reserved 1048576K
}
Event: 11.261 GC heap after
{Heap after GC invocations=31 (full 0):
 garbage-first heap   total 177152K, used 94403K [0x0000000080000000, 0x0000000100000000)
  region size 1024K, 4 young (4096K), 4 survivors (4096K)
 Metaspace       used 82856K, committed 83584K, reserved 1122304K
  class space    used 11530K, committed 11840K, reserved 1048576K
}
Event: 12.163 GC heap before
{Heap before GC invocations=32 (full 0):
 garbage-first heap   total 177152K, used 150723K [0x0000000080000000, 0x0000000100000000)
  region size 1024K, 49 young (50176K), 4 survivors (4096K)
 Metaspace       used 88909K, committed 89664K, reserved 1130496K
  class space    used 12298K, committed 12608K, reserved 1048576K
}
Event: 12.169 GC heap after
{Heap after GC invocations=33 (full 0):
 garbage-first heap   total 177152K, used 108783K [0x0000000080000000, 0x0000000100000000)
  region size 1024K, 7 young (7168K), 7 survivors (7168K)
 Metaspace       used 88909K, committed 89664K, reserved 1130496K
  class space    used 12298K, committed 12608K, reserved 1048576K
}
Event: 12.178 GC heap before
{Heap before GC invocations=33 (full 0):
 garbage-first heap   total 177152K, used 109807K [0x0000000080000000, 0x0000000100000000)
  region size 1024K, 8 young (8192K), 7 survivors (7168K)
 Metaspace       used 88909K, committed 89664K, reserved 1130496K
  class space    used 12298K, committed 12608K, reserved 1048576K
}
Event: 12.184 GC heap after
{Heap after GC invocations=34 (full 0):
 garbage-first heap   total 177152K, used 109257K [0x0000000080000000, 0x0000000100000000)
  region size 1024K, 1 young (1024K), 1 survivors (1024K)
 Metaspace       used 88909K, committed 89664K, reserved 1130496K
  class space    used 12298K, committed 12608K, reserved 1048576K
}
Event: 12.467 GC heap before
{Heap before GC invocations=34 (full 0):
 garbage-first heap   total 177152K, used 144073K [0x0000000080000000, 0x0000000100000000)
  region size 1024K, 35 young (35840K), 1 survivors (1024K)
 Metaspace       used 89097K, committed 89792K, reserved 1130496K
  class space    used 12303K, committed 12608K, reserved 1048576K
}
Event: 12.477 GC heap after
{Heap after GC invocations=35 (full 0):
 garbage-first heap   total 177152K, used 115137K [0x0000000080000000, 0x0000000100000000)
  region size 1024K, 5 young (5120K), 5 survivors (5120K)
 Metaspace       used 89097K, committed 89792K, reserved 1130496K
  class space    used 12303K, committed 12608K, reserved 1048576K
}
Event: 12.774 GC heap before
{Heap before GC invocations=36 (full 0):
 garbage-first heap   total 214016K, used 140737K [0x0000000080000000, 0x0000000100000000)
  region size 1024K, 30 young (30720K), 5 survivors (5120K)
 Metaspace       used 89387K, committed 90112K, reserved 1130496K
  class space    used 12338K, committed 12672K, reserved 1048576K
}
Event: 12.783 GC heap after
{Heap after GC invocations=37 (full 0):
 garbage-first heap   total 214016K, used 120832K [0x0000000080000000, 0x0000000100000000)
  region size 1024K, 4 young (4096K), 4 survivors (4096K)
 Metaspace       used 89387K, committed 90112K, reserved 1130496K
  class space    used 12338K, committed 12672K, reserved 1048576K
}
Event: 12.902 GC heap before
{Heap before GC invocations=37 (full 0):
 garbage-first heap   total 214016K, used 126976K [0x0000000080000000, 0x0000000100000000)
  region size 1024K, 10 young (10240K), 4 survivors (4096K)
 Metaspace       used 90150K, committed 90880K, reserved 1130496K
  class space    used 12445K, committed 12800K, reserved 1048576K
}
Event: 12.908 GC heap after
{Heap after GC invocations=38 (full 0):
 garbage-first heap   total 214016K, used 121378K [0x0000000080000000, 0x0000000100000000)
  region size 1024K, 1 young (1024K), 1 survivors (1024K)
 Metaspace       used 90150K, committed 90880K, reserved 1130496K
  class space    used 12445K, committed 12800K, reserved 1048576K
}
Event: 13.563 GC heap before
{Heap before GC invocations=38 (full 0):
 garbage-first heap   total 214016K, used 172578K [0x0000000080000000, 0x0000000100000000)
  region size 1024K, 45 young (46080K), 1 survivors (1024K)
 Metaspace       used 95488K, committed 96256K, reserved 1138688K
  class space    used 13041K, committed 13376K, reserved 1048576K
}

