# JRE version: OpenJDK Runtime Environment (17.0.6) (build 17.0.6+0-b2043.56-10027231)
# Java VM: OpenJDK 64-Bit Server VM (17.0.6+0-b2043.56-10027231, mixed mode, tiered, compressed oops, compressed class ptrs, g1 gc, windows-amd64)
GC Precious Log:
 CPUs: 8 total, 8 available
 Memory: 16194M
 Large Page Support: Disabled
 NUMA Support: Disabled
 Compressed Oops: Enabled (32-bit)
 Heap Region Size: 1M
 Heap Min Capacity: 8M
 Heap Initial Capacity: 254M
 Heap Max Capacity: 2G
 Pre-touch: Disabled
 Parallel Workers: 8
 Concurrent Workers: 2
 Concurrent Refinement Workers: 8
 Periodic GC: Disabled
Heap:
 garbage-first heap   total 282624K, used 225108K [0x0000000080000000, 0x0000000100000000)
  region size 1024K, 3 young (3072K), 3 survivors (3072K)
 Metaspace       used 105602K, committed 106368K, reserved 1146880K
  class space    used 14494K, committed 14848K, reserved 1048576K
GC Heap History (20 events):
Event: 13.995 GC heap after
{Heap after GC invocations=26 (full 0):
 garbage-first heap   total 137216K, used 65158K [0x0000000080000000, 0x0000000100000000)
  region size 1024K, 4 young (4096K), 4 survivors (4096K)
 Metaspace       used 87315K, committed 87872K, reserved 1130496K
  class space    used 11945K, committed 12224K, reserved 1048576K
}
Event: 14.419 GC heap before
{Heap before GC invocations=26 (full 0):
 garbage-first heap   total 137216K, used 111238K [0x0000000080000000, 0x0000000100000000)
  region size 1024K, 49 young (50176K), 4 survivors (4096K)
 Metaspace       used 88082K, committed 88704K, reserved 1130496K
  class space    used 12038K, committed 12352K, reserved 1048576K
}
Event: 14.429 GC heap after
{Heap after GC invocations=27 (full 0):
 garbage-first heap   total 137216K, used 72277K [0x0000000080000000, 0x0000000100000000)
  region size 1024K, 7 young (7168K), 7 survivors (7168K)
 Metaspace       used 88082K, committed 88704K, reserved 1130496K
  class space    used 12038K, committed 12352K, reserved 1048576K
}
Event: 15.004 GC heap before
{Heap before GC invocations=27 (full 0):
 garbage-first heap   total 137216K, used 109141K [0x0000000080000000, 0x0000000100000000)
  region size 1024K, 44 young (45056K), 7 survivors (7168K)
 Metaspace       used 89991K, committed 90688K, reserved 1130496K
  class space    used 12420K, committed 12736K, reserved 1048576K
}
Event: 15.016 GC heap after
{Heap after GC invocations=28 (full 0):
 garbage-first heap   total 137216K, used 77290K [0x0000000080000000, 0x0000000100000000)
  region size 1024K, 5 young (5120K), 5 survivors (5120K)
 Metaspace       used 89991K, committed 90688K, reserved 1130496K
  class space    used 12420K, committed 12736K, reserved 1048576K
}
Event: 15.477 GC heap before
{Heap before GC invocations=28 (full 0):
 garbage-first heap   total 137216K, used 111082K [0x0000000080000000, 0x0000000100000000)
  region size 1024K, 38 young (38912K), 5 survivors (5120K)
 Metaspace       used 91126K, committed 91776K, reserved 1130496K
  class space    used 12497K, committed 12800K, reserved 1048576K
}
Event: 15.482 GC heap after
{Heap after GC invocations=29 (full 0):
 garbage-first heap   total 137216K, used 80057K [0x0000000080000000, 0x0000000100000000)
  region size 1024K, 4 young (4096K), 4 survivors (4096K)
 Metaspace       used 91126K, committed 91776K, reserved 1130496K
  class space    used 12497K, committed 12800K, reserved 1048576K
}
Event: 16.171 GC heap before
{Heap before GC invocations=29 (full 0):
 garbage-first heap   total 137216K, used 112825K [0x0000000080000000, 0x0000000100000000)
  region size 1024K, 35 young (35840K), 4 survivors (4096K)
 Metaspace       used 93725K, committed 94400K, reserved 1130496K
  class space    used 12845K, committed 13120K, reserved 1048576K
}
Event: 16.182 GC heap after
{Heap after GC invocations=30 (full 0):
 garbage-first heap   total 274432K, used 93383K [0x0000000080000000, 0x0000000100000000)
  region size 1024K, 5 young (5120K), 5 survivors (5120K)
 Metaspace       used 93725K, committed 94400K, reserved 1130496K
  class space    used 12845K, committed 13120K, reserved 1048576K
}
Event: 17.541 GC heap before
{Heap before GC invocations=30 (full 0):
 garbage-first heap   total 274432K, used 227527K [0x0000000080000000, 0x0000000100000000)
  region size 1024K, 120 young (122880K), 5 survivors (5120K)
 Metaspace       used 97950K, committed 98624K, reserved 1138688K
  class space    used 13278K, committed 13632K, reserved 1048576K
}
Event: 17.557 GC heap after
{Heap after GC invocations=31 (full 0):
 garbage-first heap   total 274432K, used 106430K [0x0000000080000000, 0x0000000100000000)
  region size 1024K, 15 young (15360K), 15 survivors (15360K)
 Metaspace       used 97950K, committed 98624K, reserved 1138688K
  class space    used 13278K, committed 13632K, reserved 1048576K
}
Event: 18.348 GC heap before
{Heap before GC invocations=31 (full 0):
 garbage-first heap   total 274432K, used 243646K [0x0000000080000000, 0x0000000100000000)
  region size 1024K, 109 young (111616K), 15 survivors (15360K)
 Metaspace       used 102442K, committed 103168K, reserved 1138688K
  class space    used 13899K, committed 14208K, reserved 1048576K
}
Event: 18.373 GC heap after
{Heap after GC invocations=32 (full 0):
 garbage-first heap   total 282624K, used 151729K [0x0000000080000000, 0x0000000100000000)
  region size 1024K, 14 young (14336K), 14 survivors (14336K)
 Metaspace       used 102442K, committed 103168K, reserved 1138688K
  class space    used 13899K, committed 14208K, reserved 1048576K
}
Event: 18.889 GC heap before
{Heap before GC invocations=32 (full 0):
 garbage-first heap   total 282624K, used 219313K [0x0000000080000000, 0x0000000100000000)
  region size 1024K, 79 young (80896K), 14 survivors (14336K)
 Metaspace       used 105132K, committed 105792K, reserved 1146880K
  class space    used 14447K, committed 14784K, reserved 1048576K
}
Event: 18.925 GC heap after
{Heap after GC invocations=33 (full 0):
 garbage-first heap   total 282624K, used 180224K [0x0000000080000000, 0x0000000100000000)
  region size 1024K, 10 young (10240K), 10 survivors (10240K)
 Metaspace       used 105132K, committed 105792K, reserved 1146880K
  class space    used 14447K, committed 14784K, reserved 1048576K
}
Event: 19.059 GC heap before
{Heap before GC invocations=33 (full 0):
 garbage-first heap   total 282624K, used 221184K [0x0000000080000000, 0x0000000100000000)
  region size 1024K, 50 young (51200K), 10 survivors (10240K)
 Metaspace       used 105204K, committed 105920K, reserved 1146880K
  class space    used 14448K, committed 14784K, reserved 1048576K
}
Event: 19.089 GC heap after
{Heap after GC invocations=34 (full 0):
 garbage-first heap   total 282624K, used 202240K [0x0000000080000000, 0x0000000100000000)
  region size 1024K, 7 young (7168K), 7 survivors (7168K)
 Metaspace       used 105204K, committed 105920K, reserved 1146880K
  class space    used 14448K, committed 14784K, reserved 1048576K
}
Event: 19.178 GC heap before
{Heap before GC invocations=34 (full 0):
 garbage-first heap   total 282624K, used 224768K [0x0000000080000000, 0x0000000100000000)
  region size 1024K, 30 young (30720K), 7 survivors (7168K)
 Metaspace       used 105207K, committed 105920K, reserved 1146880K
  class space    used 14448K, committed 14784K, reserved 1048576K
}
Event: 19.211 GC heap after
{Heap after GC invocations=35 (full 0):
 garbage-first heap   total 282624K, used 216064K [0x0000000080000000, 0x0000000100000000)
  region size 1024K, 4 young (4096K), 4 survivors (4096K)
 Metaspace       used 105207K, committed 105920K, reserved 1146880K
  class space    used 14448K, committed 14784K, reserved 1048576K
}
Event: 19.339 GC heap before
{Heap before GC invocations=35 (full 0):
 garbage-first heap   total 282624K, used 232448K [0x0000000080000000, 0x0000000100000000)
  region size 1024K, 20 young (20480K), 4 survivors (4096K)
 Metaspace       used 105602K, committed 106368K, reserved 1146880K
  class space    used 14494K, committed 14848K, reserved 1048576K
}

